#
# There is insufficient memory for the Java Runtime Environment to continue.
# Native memory allocation (malloc) failed to allocate 1348496 bytes for Chunk::new
# Possible reasons:
#   The system is out of physical RAM or swap space
#   The process is running with CompressedOops enabled, and the Java Heap may be blocking the growth of the native heap
# Possible solutions:
#   Reduce memory load on the system
#   Increase physical memory or swap space
#   Check if swap backing store is full
#   Decrease Java heap size (-Xmx/-Xms)
#   Decrease number of Java threads
#   Decrease Java thread stack sizes (-Xss)
#   Set larger code cache with -XX:ReservedCodeCacheSize=
#   JVM is running with Unscaled Compressed Oops mode in which the Java heap is
#     placed in the first 4GB address space. The Java Heap base address is the
#     maximum limit for the native heap growth. Please use -XX:HeapBaseMinAddress
#     to set the Java Heap base and to place the Java Heap above 4GB virtual address.
# This output file may be truncated or incomplete.
#
#  Out of Memory Error (./src/hotspot/share/memory/arena.cpp:197), pid=16652, tid=1504
#
# JRE version: OpenJDK Runtime Environment (11.0.10) (build 11.0.10+0-b96-7249189)
# Java VM: OpenJDK 64-Bit Server VM (11.0.10+0-b96-7249189, mixed mode, tiered, compressed oops, g1 gc, windows-amd64)
# No core dump will be written. Minidumps are not enabled by default on client versions of Windows
#

---------------  S U M M A R Y ------------

Command Line: --add-opens=java.base/java.util=ALL-UNNAMED --add-opens=java.base/java.lang=ALL-UNNAMED --add-opens=java.base/java.lang.invoke=ALL-UNNAMED --add-opens=java.base/java.util=ALL-UNNAMED --add-opens=java.prefs/java.util.prefs=ALL-UNNAMED --add-opens=java.prefs/java.util.prefs=ALL-UNNAMED --add-opens=java.base/java.nio.charset=ALL-UNNAMED --add-opens=java.base/java.net=ALL-UNNAMED --add-opens=java.base/java.util.concurrent.atomic=ALL-UNNAMED -Xmx1024m -Dfile.encoding=windows-1252 -Duser.country=GB -Duser.language=en -Duser.variant org.gradle.launcher.daemon.bootstrap.GradleDaemon 7.0.2

Host: Intel(R) Core(TM) i3-9100 CPU @ 3.60GHz, 4 cores, 11G,  Windows 10 , 64 bit Build 19041 (10.0.19041.1466)
Time: Mon Feb  7 13:56:36 2022 India Standard Time elapsed time: 34.755672 seconds (0d 0h 0m 34s)

---------------  T H R E A D  ---------------

Current thread (0x000001a92ed2e000):  JavaThread "C2 CompilerThread0" daemon [_thread_in_native, id=1504, stack(0x0000008553f00000,0x0000008554000000)]


Current CompileTask:
C2:  34755 20824 % !   4       com.android.tools.r8.dex.r::c @ 412 (2729 bytes)

Stack: [0x0000008553f00000,0x0000008554000000]
Native frames: (J=compiled Java code, j=interpreted, Vv=VM code, C=native code)
V  [jvm.dll+0x5ecfaa]
V  [jvm.dll+0x722bd5]
V  [jvm.dll+0x72412d]
V  [jvm.dll+0x7247e3]
V  [jvm.dll+0x242928]
V  [jvm.dll+0xbc4fc]
V  [jvm.dll+0xbca0c]
V  [jvm.dll+0x2b4fd4]
V  [jvm.dll+0x506028]
V  [jvm.dll+0x203253]
V  [jvm.dll+0x1fd07c]
V  [jvm.dll+0x1fa77f]
V  [jvm.dll+0x18354c]
V  [jvm.dll+0x208ee7]
V  [jvm.dll+0x207731]
V  [jvm.dll+0x6eb1cf]
V  [jvm.dll+0x6e3d45]
V  [jvm.dll+0x5ebe96]
C  [ucrtbase.dll+0x21bb2]
C  [KERNEL32.DLL+0x17034]
C  [ntdll.dll+0x52651]


---------------  P R O C E S S  ---------------

Threads class SMR info:
_java_thread_list=0x000001a932ecda90, length=63, elements={
0x000001a916678000, 0x000001a92e3a6800, 0x000001a92e3b0000, 0x000001a92ed27000,
0x000001a92ed29000, 0x000001a92ed2a000, 0x000001a92ed2e000, 0x000001a92ed32800,
0x000001a92e3cd800, 0x000001a92ee86000, 0x000001a930269800, 0x000001a930884800,
0x000001a930661800, 0x000001a92f283800, 0x000001a92f284800, 0x000001a930212000,
0x000001a930198800, 0x000001a92f2aa800, 0x000001a930142000, 0x000001a92fd20800,
0x000001a92fd21000, 0x000001a92fd23000, 0x000001a92fd1d000, 0x000001a92fd23800,
0x000001a92fd1e000, 0x000001a92fd22000, 0x000001a92fd1f000, 0x000001a92fd1f800,
0x000001a92fe40000, 0x000001a92fe3d800, 0x000001a92fe3b800, 0x000001a92fe3e000,
0x000001a92fe3f000, 0x000001a92fe42000, 0x000001a92fe3c800, 0x000001a92fe43000,
0x000001a92fe46800, 0x000001a92fe45800, 0x000001a92fe44000, 0x000001a92fe47000,
0x000001a92fe48000, 0x000001a92fe48800, 0x000001a92fe4a800, 0x000001a92fe44800,
0x000001a936878800, 0x000001a93687f800, 0x000001a936879800, 0x000001a93687e800,
0x000001a936880000, 0x000001a93687c000, 0x000001a936881000, 0x000001a936881800,
0x000001a936882800, 0x000001a93687d000, 0x000001a936887800, 0x000001a936883800,
0x000001a936884000, 0x000001a936885000, 0x000001a936886800, 0x000001a936886000,
0x000001a93687b000, 0x000001a92f034000, 0x000001a92f031000
}

Java Threads: ( => current thread )
  0x000001a916678000 JavaThread "main" [_thread_blocked, id=9156, stack(0x0000008553300000,0x0000008553400000)]
  0x000001a92e3a6800 JavaThread "Reference Handler" daemon [_thread_blocked, id=19764, stack(0x0000008553a00000,0x0000008553b00000)]
  0x000001a92e3b0000 JavaThread "Finalizer" daemon [_thread_blocked, id=6000, stack(0x0000008553b00000,0x0000008553c00000)]
  0x000001a92ed27000 JavaThread "Signal Dispatcher" daemon [_thread_blocked, id=3636, stack(0x0000008553c00000,0x0000008553d00000)]
  0x000001a92ed29000 JavaThread "Attach Listener" daemon [_thread_blocked, id=12280, stack(0x0000008553d00000,0x0000008553e00000)]
  0x000001a92ed2a000 JavaThread "Service Thread" daemon [_thread_blocked, id=16840, stack(0x0000008553e00000,0x0000008553f00000)]
=>0x000001a92ed2e000 JavaThread "C2 CompilerThread0" daemon [_thread_in_native, id=1504, stack(0x0000008553f00000,0x0000008554000000)]
  0x000001a92ed32800 JavaThread "C1 CompilerThread0" daemon [_thread_blocked, id=2072, stack(0x0000008554000000,0x0000008554100000)]
  0x000001a92e3cd800 JavaThread "Sweeper thread" daemon [_thread_blocked, id=19236, stack(0x0000008554100000,0x0000008554200000)]
  0x000001a92ee86000 JavaThread "Common-Cleaner" daemon [_thread_blocked, id=14672, stack(0x0000008554200000,0x0000008554300000)]
  0x000001a930269800 JavaThread "Daemon health stats" [_thread_blocked, id=15592, stack(0x0000008554700000,0x0000008554800000)]
  0x000001a930884800 JavaThread "Incoming local TCP Connector on port 50079" [_thread_in_native, id=20384, stack(0x0000008554800000,0x0000008554900000)]
  0x000001a930661800 JavaThread "Daemon periodic checks" [_thread_blocked, id=18864, stack(0x0000008554900000,0x0000008554a00000)]
  0x000001a92f283800 JavaThread "Daemon" [_thread_blocked, id=11780, stack(0x0000008554a00000,0x0000008554b00000)]
  0x000001a92f284800 JavaThread "Handler for socket connection from /127.0.0.1:50079 to /127.0.0.1:50080" [_thread_in_native, id=13204, stack(0x0000008554b00000,0x0000008554c00000)]
  0x000001a930212000 JavaThread "Cancel handler" [_thread_blocked, id=11968, stack(0x0000008554c00000,0x0000008554d00000)]
  0x000001a930198800 JavaThread "Daemon worker" [_thread_blocked, id=12256, stack(0x0000008554d00000,0x0000008554e00000)]
  0x000001a92f2aa800 JavaThread "Asynchronous log dispatcher for DefaultDaemonConnection: socket connection from /127.0.0.1:50079 to /127.0.0.1:50080" [_thread_blocked, id=3592, stack(0x0000008554e00000,0x0000008554f00000)]
  0x000001a930142000 JavaThread "Stdin handler" [_thread_blocked, id=19968, stack(0x0000008554f00000,0x0000008555000000)]
  0x000001a92fd20800 JavaThread "Daemon client event forwarder" [_thread_blocked, id=20240, stack(0x0000008555000000,0x0000008555100000)]
  0x000001a92fd21000 JavaThread "Cache worker for file hash cache (C:\Users\DELL\.gradle\caches\7.0.2\fileHashes)" [_thread_blocked, id=7840, stack(0x0000008555100000,0x0000008555200000)]
  0x000001a92fd23000 JavaThread "File lock request listener" [_thread_in_native, id=9368, stack(0x0000008555200000,0x0000008555300000)]
  0x000001a92fd1d000 JavaThread "Cache worker for journal cache (C:\Users\DELL\.gradle\caches\journal-1)" [_thread_blocked, id=13080, stack(0x0000008555300000,0x0000008555400000)]
  0x000001a92fd23800 JavaThread "Cache worker for file hash cache (E:\AfluexUpdate_New\hmgreen_customer\.gradle\7.0.2\fileHashes)" [_thread_blocked, id=16304, stack(0x0000008555400000,0x0000008555500000)]
  0x000001a92fd1e000 JavaThread "File watcher server" daemon [_thread_in_native, id=20268, stack(0x0000008555500000,0x0000008555600000)]
  0x000001a92fd22000 JavaThread "File watcher consumer" daemon [_thread_blocked, id=5092, stack(0x0000008555600000,0x0000008555700000)]
  0x000001a92fd1f000 JavaThread "Cache worker for checksums cache (E:\AfluexUpdate_New\hmgreen_customer\.gradle\checksums)" [_thread_blocked, id=17600, stack(0x0000008555700000,0x0000008555800000)]
  0x000001a92fd1f800 JavaThread "Cache worker for cache directory md-supplier (C:\Users\DELL\.gradle\caches\7.0.2\md-supplier)" [_thread_blocked, id=14972, stack(0x0000008555800000,0x0000008555900000)]
  0x000001a92fe40000 JavaThread "Cache worker for cache directory md-rule (C:\Users\DELL\.gradle\caches\7.0.2\md-rule)" [_thread_blocked, id=19864, stack(0x0000008555900000,0x0000008555a00000)]
  0x000001a92fe3d800 JavaThread "Cache worker for execution history cache (C:\Users\DELL\.gradle\caches\7.0.2\executionHistory)" [_thread_blocked, id=7660, stack(0x0000008555a00000,0x0000008555b00000)]
  0x000001a92fe3b800 JavaThread "jar transforms" [_thread_blocked, id=20472, stack(0x0000008555c00000,0x0000008555d00000)]
  0x000001a92fe3e000 JavaThread "jar transforms Thread 2" [_thread_blocked, id=8228, stack(0x0000008555d00000,0x0000008555e00000)]
  0x000001a92fe3f000 JavaThread "Cache worker for file content cache (C:\Users\DELL\.gradle\caches\7.0.2\fileContent)" [_thread_blocked, id=20020, stack(0x0000008555e00000,0x0000008555f00000)]
  0x000001a92fe42000 JavaThread "Cache worker for dependencies-accessors (E:\AfluexUpdate_New\hmgreen_customer\.gradle\7.0.2\dependencies-accessors)" [_thread_blocked, id=456, stack(0x0000008555f00000,0x0000008556000000)]
  0x000001a92fe3c800 JavaThread "jar transforms Thread 3" [_thread_blocked, id=7280, stack(0x0000008556000000,0x0000008556100000)]
  0x000001a92fe43000 JavaThread "Cache worker for Build Output Cleanup Cache (E:\AfluexUpdate_New\hmgreen_customer\.gradle\buildOutputCleanup)" [_thread_blocked, id=11540, stack(0x0000008556100000,0x0000008556200000)]
  0x000001a92fe46800 JavaThread "Build operations" [_thread_blocked, id=4064, stack(0x0000008556200000,0x0000008556300000)]
  0x000001a92fe45800 JavaThread "Build operations Thread 2" [_thread_blocked, id=1544, stack(0x0000008556300000,0x0000008556400000)]
  0x000001a92fe44000 JavaThread "Build operations Thread 3" [_thread_blocked, id=11088, stack(0x0000008556400000,0x0000008556500000)]
  0x000001a92fe47000 JavaThread "Build operations Thread 4" [_thread_blocked, id=6644, stack(0x0000008556500000,0x0000008556600000)]
  0x000001a92fe48000 JavaThread "jar transforms Thread 4" [_thread_blocked, id=17620, stack(0x0000008556600000,0x0000008556700000)]
  0x000001a92fe48800 JavaThread "Memory manager" [_thread_blocked, id=10520, stack(0x0000008556800000,0x0000008556900000)]
  0x000001a92fe4a800 JavaThread "Execution worker for ':'" [_thread_blocked, id=13976, stack(0x0000008556900000,0x0000008556a00000)]
  0x000001a92fe44800 JavaThread "Execution worker for ':' Thread 2" [_thread_in_native, id=19892, stack(0x0000008556a00000,0x0000008556b00000)]
  0x000001a936878800 JavaThread "Execution worker for ':' Thread 3" [_thread_blocked, id=19380, stack(0x0000008556b00000,0x0000008556c00000)]
  0x000001a93687f800 JavaThread "Cache worker for execution history cache (E:\AfluexUpdate_New\hmgreen_customer\.gradle\7.0.2\executionHistory)" [_thread_blocked, id=20156, stack(0x0000008556c00000,0x0000008556d00000)]
  0x000001a936879800 JavaThread "WorkerExecutor Queue" [_thread_blocked, id=11368, stack(0x0000008556d00000,0x0000008556e00000)]
  0x000001a93687e800 JavaThread "WorkerExecutor Queue Thread 2" [_thread_blocked, id=11804, stack(0x0000008556e00000,0x0000008556f00000)]
  0x000001a936880000 JavaThread "WorkerExecutor Queue Thread 3" [_thread_blocked, id=6372, stack(0x0000008556f00000,0x0000008557000000)]
  0x000001a93687c000 JavaThread "Java2D Disposer" daemon [_thread_blocked, id=11292, stack(0x0000008557100000,0x0000008557200000)]
  0x000001a936881000 JavaThread "pool-2-thread-1" [_thread_blocked, id=6576, stack(0x0000008557200000,0x0000008557300000)]
  0x000001a936881800 JavaThread "stderr" [_thread_in_native, id=13840, stack(0x0000008557300000,0x0000008557400000)]
  0x000001a936882800 JavaThread "stdout" [_thread_in_native, id=9840, stack(0x0000008557400000,0x0000008557500000)]
  0x000001a93687d000 JavaThread "stderr" [_thread_in_native, id=11356, stack(0x0000008557500000,0x0000008557600000)]
  0x000001a936887800 JavaThread "stdout" [_thread_in_native, id=15488, stack(0x0000008557600000,0x0000008557700000)]
  0x000001a936883800 JavaThread "stderr" [_thread_in_native, id=4236, stack(0x0000008557700000,0x0000008557800000)]
  0x000001a936884000 JavaThread "stdout" [_thread_in_native, id=5952, stack(0x0000008557800000,0x0000008557900000)]
  0x000001a936885000 JavaThread "stderr" [_thread_in_native, id=6264, stack(0x0000008557900000,0x0000008557a00000)]
  0x000001a936886800 JavaThread "stdout" [_thread_in_native, id=19788, stack(0x0000008557a00000,0x0000008557b00000)]
  0x000001a936886000 JavaThread "WorkerExecutor Queue Thread 5" [_thread_blocked, id=8240, stack(0x0000008557b00000,0x0000008557c00000)]
  0x000001a93687b000 JavaThread "Cache worker for Java compile cache (C:\Users\DELL\.gradle\caches\7.0.2\javaCompile)" [_thread_blocked, id=5568, stack(0x0000008557000000,0x0000008557100000)]
  0x000001a92f034000 JavaThread "Cache worker for Java compile cache (E:\AfluexUpdate_New\hmgreen_customer\.gradle\7.0.2\javaCompile)" [_thread_blocked, id=18896, stack(0x0000008557c00000,0x0000008557d00000)]
  0x000001a92f031000 JavaThread "WorkerExecutor Queue Thread 6" [_thread_blocked, id=19980, stack(0x0000008555b00000,0x0000008555c00000)]

Other Threads:
  0x000001a92e3a3000 VMThread "VM Thread" [stack: 0x0000008553900000,0x0000008553a00000] [id=9620]
  0x000001a92eebf000 WatcherThread [stack: 0x0000008554300000,0x0000008554400000] [id=14968]
  0x000001a916693000 GCTaskThread "GC Thread#0" [stack: 0x0000008553400000,0x0000008553500000] [id=6380]
  0x000001a92ef4b800 GCTaskThread "GC Thread#1" [stack: 0x0000008554400000,0x0000008554500000] [id=11072]
  0x000001a92f4c5800 GCTaskThread "GC Thread#2" [stack: 0x0000008554500000,0x0000008554600000] [id=11888]
  0x000001a92f4c6000 GCTaskThread "GC Thread#3" [stack: 0x0000008554600000,0x0000008554700000] [id=7092]
  0x000001a9166ad000 ConcurrentGCThread "G1 Main Marker" [stack: 0x0000008553500000,0x0000008553600000] [id=6128]
  0x000001a9166ae800 ConcurrentGCThread "G1 Conc#0" [stack: 0x0000008553600000,0x0000008553700000] [id=11492]
  0x000001a91675e000 ConcurrentGCThread "G1 Refine#0" [stack: 0x0000008553700000,0x0000008553800000] [id=18380]
  0x000001a931170000 ConcurrentGCThread "G1 Refine#1" [stack: 0x0000008556700000,0x0000008556800000] [id=15140]
  0x000001a935f23800 ConcurrentGCThread "G1 Refine#2" [stack: 0x0000008558000000,0x0000008558100000] [id=20252]
  0x000001a935f21000 ConcurrentGCThread "G1 Refine#3" [stack: 0x0000008558100000,0x0000008558200000] [id=19032]
  0x000001a92e1f4800 ConcurrentGCThread "G1 Young RemSet Sampling" [stack: 0x0000008553800000,0x0000008553900000] [id=19596]

Threads with active compile tasks:
C2 CompilerThread0  34787 20824 % !   4       com.android.tools.r8.dex.r::c @ 412 (2729 bytes)

VM state:not at safepoint (normal execution)

VM Mutex/Monitor currently owned by a thread: None

Heap address: 0x00000000c0000000, size: 1024 MB, Compressed Oops mode: 32-bit
Narrow klass base: 0x0000000000000000, Narrow klass shift: 3
Compressed class space size: 1073741824 Address: 0x0000000100000000

Heap:
 garbage-first heap   total 262144K, used 192183K [0x00000000c0000000, 0x0000000100000000)
  region size 1024K, 81 young (82944K), 7 survivors (7168K)
 Metaspace       used 114429K, capacity 117673K, committed 117964K, reserved 1150976K
  class space    used 14213K, capacity 15435K, committed 15564K, reserved 1048576K
Heap Regions: E=young(eden), S=young(survivor), O=old, HS=humongous(starts), HC=humongous(continues), CS=collection set, F=free, A=archive, TAMS=top-at-mark-start (previous, next)
|   0|0x00000000c0000000, 0x00000000c0100000, 0x00000000c0100000|100%| O|  |TAMS 0x00000000c0100000, 0x00000000c0000000| Untracked 
|   1|0x00000000c0100000, 0x00000000c0200000, 0x00000000c0200000|100%| O|  |TAMS 0x00000000c0200000, 0x00000000c0100000| Untracked 
|   2|0x00000000c0200000, 0x00000000c0300000, 0x00000000c0300000|100%| O|  |TAMS 0x00000000c0300000, 0x00000000c0200000| Untracked 
|   3|0x00000000c0300000, 0x00000000c0400000, 0x00000000c0400000|100%|HS|  |TAMS 0x00000000c0400000, 0x00000000c0300000| Complete 
|   4|0x00000000c0400000, 0x00000000c0500000, 0x00000000c0500000|100%|HC|  |TAMS 0x00000000c0500000, 0x00000000c0400000| Complete 
|   5|0x00000000c0500000, 0x00000000c0600000, 0x00000000c0600000|100%|HC|  |TAMS 0x00000000c0600000, 0x00000000c0500000| Complete 
|   6|0x00000000c0600000, 0x00000000c0700000, 0x00000000c0700000|100%| O|  |TAMS 0x00000000c0700000, 0x00000000c0600000| Untracked 
|   7|0x00000000c0700000, 0x00000000c0800000, 0x00000000c0800000|100%| O|  |TAMS 0x00000000c0800000, 0x00000000c0700000| Untracked 
|   8|0x00000000c0800000, 0x00000000c0900000, 0x00000000c0900000|100%| O|  |TAMS 0x00000000c0900000, 0x00000000c0800000| Untracked 
|   9|0x00000000c0900000, 0x00000000c0a00000, 0x00000000c0a00000|100%| O|  |TAMS 0x00000000c0a00000, 0x00000000c0900000| Untracked 
|  10|0x00000000c0a00000, 0x00000000c0b00000, 0x00000000c0b00000|100%| O|  |TAMS 0x00000000c0b00000, 0x00000000c0a00000| Untracked 
|  11|0x00000000c0b00000, 0x00000000c0c00000, 0x00000000c0c00000|100%| O|  |TAMS 0x00000000c0c00000, 0x00000000c0b00000| Untracked 
|  12|0x00000000c0c00000, 0x00000000c0d00000, 0x00000000c0d00000|100%| O|  |TAMS 0x00000000c0d00000, 0x00000000c0c00000| Untracked 
|  13|0x00000000c0d00000, 0x00000000c0e00000, 0x00000000c0e00000|100%| O|  |TAMS 0x00000000c0e00000, 0x00000000c0d00000| Untracked 
|  14|0x00000000c0e00000, 0x00000000c0f00000, 0x00000000c0f00000|100%| O|  |TAMS 0x00000000c0f00000, 0x00000000c0e00000| Untracked 
|  15|0x00000000c0f00000, 0x00000000c1000000, 0x00000000c1000000|100%| O|  |TAMS 0x00000000c1000000, 0x00000000c0f00000| Untracked 
|  16|0x00000000c1000000, 0x00000000c1100000, 0x00000000c1100000|100%|HS|  |TAMS 0x00000000c1100000, 0x00000000c1000000| Complete 
|  17|0x00000000c1100000, 0x00000000c1200000, 0x00000000c1200000|100%|HS|  |TAMS 0x00000000c1200000, 0x00000000c1100000| Complete 
|  18|0x00000000c1200000, 0x00000000c1300000, 0x00000000c1300000|100%|HC|  |TAMS 0x00000000c1300000, 0x00000000c1200000| Complete 
|  19|0x00000000c1300000, 0x00000000c1400000, 0x00000000c1400000|100%| O|  |TAMS 0x00000000c1400000, 0x00000000c1300000| Untracked 
|  20|0x00000000c1400000, 0x00000000c1500000, 0x00000000c1500000|100%| O|  |TAMS 0x00000000c1500000, 0x00000000c1400000| Untracked 
|  21|0x00000000c1500000, 0x00000000c1600000, 0x00000000c1600000|100%| O|  |TAMS 0x00000000c1600000, 0x00000000c1500000| Untracked 
|  22|0x00000000c1600000, 0x00000000c1700000, 0x00000000c1700000|100%| O|  |TAMS 0x00000000c1700000, 0x00000000c1600000| Untracked 
|  23|0x00000000c1700000, 0x00000000c1800000, 0x00000000c1800000|100%| O|  |TAMS 0x00000000c1800000, 0x00000000c1700000| Untracked 
|  24|0x00000000c1800000, 0x00000000c1900000, 0x00000000c1900000|100%| O|  |TAMS 0x00000000c1900000, 0x00000000c1800000| Untracked 
|  25|0x00000000c1900000, 0x00000000c1a00000, 0x00000000c1a00000|100%| O|  |TAMS 0x00000000c1a00000, 0x00000000c1900000| Untracked 
|  26|0x00000000c1a00000, 0x00000000c1b00000, 0x00000000c1b00000|100%| O|  |TAMS 0x00000000c1b00000, 0x00000000c1a00000| Untracked 
|  27|0x00000000c1b00000, 0x00000000c1c00000, 0x00000000c1c00000|100%| O|  |TAMS 0x00000000c1c00000, 0x00000000c1b00000| Untracked 
|  28|0x00000000c1c00000, 0x00000000c1d00000, 0x00000000c1d00000|100%| O|  |TAMS 0x00000000c1d00000, 0x00000000c1c00000| Untracked 
|  29|0x00000000c1d00000, 0x00000000c1e00000, 0x00000000c1e00000|100%| O|  |TAMS 0x00000000c1e00000, 0x00000000c1d00000| Untracked 
|  30|0x00000000c1e00000, 0x00000000c1f00000, 0x00000000c1f00000|100%| O|  |TAMS 0x00000000c1f00000, 0x00000000c1e00000| Untracked 
|  31|0x00000000c1f00000, 0x00000000c2000000, 0x00000000c2000000|100%| O|  |TAMS 0x00000000c2000000, 0x00000000c1f00000| Untracked 
|  32|0x00000000c2000000, 0x00000000c2100000, 0x00000000c2100000|100%| O|  |TAMS 0x00000000c2100000, 0x00000000c2000000| Untracked 
|  33|0x00000000c2100000, 0x00000000c2200000, 0x00000000c2200000|100%| O|  |TAMS 0x00000000c2200000, 0x00000000c2100000| Untracked 
|  34|0x00000000c2200000, 0x00000000c2300000, 0x00000000c2300000|100%| O|  |TAMS 0x00000000c2300000, 0x00000000c2200000| Untracked 
|  35|0x00000000c2300000, 0x00000000c2400000, 0x00000000c2400000|100%| O|  |TAMS 0x00000000c2400000, 0x00000000c2300000| Untracked 
|  36|0x00000000c2400000, 0x00000000c2500000, 0x00000000c2500000|100%| O|  |TAMS 0x00000000c2500000, 0x00000000c2400000| Untracked 
|  37|0x00000000c2500000, 0x00000000c2600000, 0x00000000c2600000|100%| O|  |TAMS 0x00000000c2600000, 0x00000000c2500000| Untracked 
|  38|0x00000000c2600000, 0x00000000c2700000, 0x00000000c2700000|100%| O|  |TAMS 0x00000000c2700000, 0x00000000c2600000| Untracked 
|  39|0x00000000c2700000, 0x00000000c2800000, 0x00000000c2800000|100%| O|  |TAMS 0x00000000c2800000, 0x00000000c2700000| Untracked 
|  40|0x00000000c2800000, 0x00000000c2900000, 0x00000000c2900000|100%| O|  |TAMS 0x00000000c2900000, 0x00000000c2800000| Untracked 
|  41|0x00000000c2900000, 0x00000000c2a00000, 0x00000000c2a00000|100%| O|  |TAMS 0x00000000c2a00000, 0x00000000c2900000| Untracked 
|  42|0x00000000c2a00000, 0x00000000c2b00000, 0x00000000c2b00000|100%| O|  |TAMS 0x00000000c2b00000, 0x00000000c2a00000| Untracked 
|  43|0x00000000c2b00000, 0x00000000c2c00000, 0x00000000c2c00000|100%| O|  |TAMS 0x00000000c2c00000, 0x00000000c2b00000| Untracked 
|  44|0x00000000c2c00000, 0x00000000c2d00000, 0x00000000c2d00000|100%| O|  |TAMS 0x00000000c2d00000, 0x00000000c2c00000| Untracked 
|  45|0x00000000c2d00000, 0x00000000c2e00000, 0x00000000c2e00000|100%| O|  |TAMS 0x00000000c2e00000, 0x00000000c2d00000| Untracked 
|  46|0x00000000c2e00000, 0x00000000c2f00000, 0x00000000c2f00000|100%| O|  |TAMS 0x00000000c2f00000, 0x00000000c2e00000| Untracked 
|  47|0x00000000c2f00000, 0x00000000c3000000, 0x00000000c3000000|100%| O|  |TAMS 0x00000000c3000000, 0x00000000c2f00000| Untracked 
|  48|0x00000000c3000000, 0x00000000c3100000, 0x00000000c3100000|100%| O|  |TAMS 0x00000000c3100000, 0x00000000c3000000| Untracked 
|  49|0x00000000c3100000, 0x00000000c3200000, 0x00000000c3200000|100%| O|  |TAMS 0x00000000c3200000, 0x00000000c3100000| Untracked 
|  50|0x00000000c3200000, 0x00000000c3300000, 0x00000000c3300000|100%| O|  |TAMS 0x00000000c3300000, 0x00000000c3200000| Untracked 
|  51|0x00000000c3300000, 0x00000000c3400000, 0x00000000c3400000|100%| O|  |TAMS 0x00000000c3400000, 0x00000000c3300000| Untracked 
|  52|0x00000000c3400000, 0x00000000c3500000, 0x00000000c3500000|100%| O|  |TAMS 0x00000000c3500000, 0x00000000c3400000| Untracked 
|  53|0x00000000c3500000, 0x00000000c3600000, 0x00000000c3600000|100%| O|  |TAMS 0x00000000c3600000, 0x00000000c3500000| Untracked 
|  54|0x00000000c3600000, 0x00000000c3700000, 0x00000000c3700000|100%| O|  |TAMS 0x00000000c3700000, 0x00000000c3600000| Untracked 
|  55|0x00000000c3700000, 0x00000000c3800000, 0x00000000c3800000|100%| O|  |TAMS 0x00000000c3800000, 0x00000000c3700000| Untracked 
|  56|0x00000000c3800000, 0x00000000c3900000, 0x00000000c3900000|100%| O|  |TAMS 0x00000000c3900000, 0x00000000c3800000| Untracked 
|  57|0x00000000c3900000, 0x00000000c3a00000, 0x00000000c3a00000|100%| O|  |TAMS 0x00000000c3a00000, 0x00000000c3900000| Untracked 
|  58|0x00000000c3a00000, 0x00000000c3b00000, 0x00000000c3b00000|100%| O|  |TAMS 0x00000000c3b00000, 0x00000000c3a00000| Untracked 
|  59|0x00000000c3b00000, 0x00000000c3c00000, 0x00000000c3c00000|100%| O|  |TAMS 0x00000000c3c00000, 0x00000000c3b00000| Untracked 
|  60|0x00000000c3c00000, 0x00000000c3d00000, 0x00000000c3d00000|100%| O|  |TAMS 0x00000000c3d00000, 0x00000000c3c00000| Untracked 
|  61|0x00000000c3d00000, 0x00000000c3e00000, 0x00000000c3e00000|100%| O|  |TAMS 0x00000000c3d00000, 0x00000000c3d00000| Untracked 
|  62|0x00000000c3e00000, 0x00000000c3f00000, 0x00000000c3f00000|100%| O|  |TAMS 0x00000000c3e00000, 0x00000000c3e00000| Untracked 
|  63|0x00000000c3f00000, 0x00000000c4000000, 0x00000000c4000000|100%| O|  |TAMS 0x00000000c4000000, 0x00000000c3f00000| Untracked 
|  64|0x00000000c4000000, 0x00000000c4100000, 0x00000000c4100000|100%| O|  |TAMS 0x00000000c4000000, 0x00000000c4000000| Untracked 
|  65|0x00000000c4100000, 0x00000000c4200000, 0x00000000c4200000|100%| O|  |TAMS 0x00000000c4100000, 0x00000000c4100000| Untracked 
|  66|0x00000000c4200000, 0x00000000c4300000, 0x00000000c4300000|100%| O|  |TAMS 0x00000000c4200000, 0x00000000c4200000| Untracked 
|  67|0x00000000c4300000, 0x00000000c4400000, 0x00000000c4400000|100%| O|  |TAMS 0x00000000c4300000, 0x00000000c4300000| Untracked 
|  68|0x00000000c4400000, 0x00000000c4500000, 0x00000000c4500000|100%| O|  |TAMS 0x00000000c4500000, 0x00000000c4400000| Untracked 
|  69|0x00000000c4500000, 0x00000000c4600000, 0x00000000c4600000|100%| O|  |TAMS 0x00000000c4600000, 0x00000000c4500000| Untracked 
|  70|0x00000000c4600000, 0x00000000c4700000, 0x00000000c4700000|100%| O|  |TAMS 0x00000000c4700000, 0x00000000c4600000| Untracked 
|  71|0x00000000c4700000, 0x00000000c4800000, 0x00000000c4800000|100%| O|  |TAMS 0x00000000c4800000, 0x00000000c4700000| Untracked 
|  72|0x00000000c4800000, 0x00000000c4900000, 0x00000000c4900000|100%| O|  |TAMS 0x00000000c4800000, 0x00000000c4800000| Untracked 
|  73|0x00000000c4900000, 0x00000000c4a00000, 0x00000000c4a00000|100%| O|  |TAMS 0x00000000c4900000, 0x00000000c4900000| Untracked 
|  74|0x00000000c4a00000, 0x00000000c4b00000, 0x00000000c4b00000|100%| O|  |TAMS 0x00000000c4a00000, 0x00000000c4a00000| Untracked 
|  75|0x00000000c4b00000, 0x00000000c4c00000, 0x00000000c4c00000|100%| O|  |TAMS 0x00000000c4b00000, 0x00000000c4b00000| Untracked 
|  76|0x00000000c4c00000, 0x00000000c4d00000, 0x00000000c4d00000|100%| O|  |TAMS 0x00000000c4d00000, 0x00000000c4c00000| Untracked 
|  77|0x00000000c4d00000, 0x00000000c4e00000, 0x00000000c4e00000|100%| O|  |TAMS 0x00000000c4d00000, 0x00000000c4d00000| Untracked 
|  78|0x00000000c4e00000, 0x00000000c4f00000, 0x00000000c4f00000|100%| O|  |TAMS 0x00000000c4e00000, 0x00000000c4e00000| Untracked 
|  79|0x00000000c4f00000, 0x00000000c5000000, 0x00000000c5000000|100%| O|  |TAMS 0x00000000c4f00000, 0x00000000c4f00000| Untracked 
|  80|0x00000000c5000000, 0x00000000c50ade00, 0x00000000c5100000| 67%| O|  |TAMS 0x00000000c5000000, 0x00000000c5000000| Untracked 
|  81|0x00000000c5100000, 0x00000000c5100000, 0x00000000c5200000|  0%| F|  |TAMS 0x00000000c5100000, 0x00000000c5100000| Untracked 
|  82|0x00000000c5200000, 0x00000000c5200000, 0x00000000c5300000|  0%| F|  |TAMS 0x00000000c5200000, 0x00000000c5200000| Untracked 
|  83|0x00000000c5300000, 0x00000000c5300000, 0x00000000c5400000|  0%| F|  |TAMS 0x00000000c5300000, 0x00000000c5300000| Untracked 
|  84|0x00000000c5400000, 0x00000000c5400000, 0x00000000c5500000|  0%| F|  |TAMS 0x00000000c5400000, 0x00000000c5400000| Untracked 
|  85|0x00000000c5500000, 0x00000000c5600000, 0x00000000c5600000|100%| O|  |TAMS 0x00000000c5500000, 0x00000000c5500000| Untracked 
|  86|0x00000000c5600000, 0x00000000c5700000, 0x00000000c5700000|100%| O|  |TAMS 0x00000000c5600000, 0x00000000c5600000| Untracked 
|  87|0x00000000c5700000, 0x00000000c5700000, 0x00000000c5800000|  0%| F|  |TAMS 0x00000000c5700000, 0x00000000c5700000| Untracked 
|  88|0x00000000c5800000, 0x00000000c5800000, 0x00000000c5900000|  0%| F|  |TAMS 0x00000000c5800000, 0x00000000c5800000| Untracked 
|  89|0x00000000c5900000, 0x00000000c5900000, 0x00000000c5a00000|  0%| F|  |TAMS 0x00000000c5900000, 0x00000000c5900000| Untracked 
|  90|0x00000000c5a00000, 0x00000000c5a00000, 0x00000000c5b00000|  0%| F|  |TAMS 0x00000000c5a00000, 0x00000000c5a00000| Untracked 
|  91|0x00000000c5b00000, 0x00000000c5b00000, 0x00000000c5c00000|  0%| F|  |TAMS 0x00000000c5b00000, 0x00000000c5b00000| Untracked 
|  92|0x00000000c5c00000, 0x00000000c5c00000, 0x00000000c5d00000|  0%| F|  |TAMS 0x00000000c5c00000, 0x00000000c5c00000| Untracked 
|  93|0x00000000c5d00000, 0x00000000c5d00000, 0x00000000c5e00000|  0%| F|  |TAMS 0x00000000c5d00000, 0x00000000c5d00000| Untracked 
|  94|0x00000000c5e00000, 0x00000000c5e00000, 0x00000000c5f00000|  0%| F|  |TAMS 0x00000000c5e00000, 0x00000000c5e00000| Untracked 
|  95|0x00000000c5f00000, 0x00000000c5f00000, 0x00000000c6000000|  0%| F|  |TAMS 0x00000000c5f00000, 0x00000000c5f00000| Untracked 
|  96|0x00000000c6000000, 0x00000000c6000000, 0x00000000c6100000|  0%| F|  |TAMS 0x00000000c6000000, 0x00000000c6000000| Untracked 
|  97|0x00000000c6100000, 0x00000000c6100000, 0x00000000c6200000|  0%| F|  |TAMS 0x00000000c6100000, 0x00000000c6100000| Untracked 
|  98|0x00000000c6200000, 0x00000000c6200000, 0x00000000c6300000|  0%| F|  |TAMS 0x00000000c6200000, 0x00000000c6200000| Untracked 
|  99|0x00000000c6300000, 0x00000000c6300000, 0x00000000c6400000|  0%| F|  |TAMS 0x00000000c6300000, 0x00000000c6300000| Untracked 
| 100|0x00000000c6400000, 0x00000000c6400000, 0x00000000c6500000|  0%| F|  |TAMS 0x00000000c6400000, 0x00000000c6400000| Untracked 
| 101|0x00000000c6500000, 0x00000000c6500000, 0x00000000c6600000|  0%| F|  |TAMS 0x00000000c6500000, 0x00000000c6500000| Untracked 
| 102|0x00000000c6600000, 0x00000000c6600000, 0x00000000c6700000|  0%| F|  |TAMS 0x00000000c6600000, 0x00000000c6600000| Untracked 
| 103|0x00000000c6700000, 0x00000000c6700000, 0x00000000c6800000|  0%| F|  |TAMS 0x00000000c6700000, 0x00000000c6700000| Untracked 
| 104|0x00000000c6800000, 0x00000000c6800000, 0x00000000c6900000|  0%| F|  |TAMS 0x00000000c6800000, 0x00000000c6800000| Untracked 
| 105|0x00000000c6900000, 0x00000000c6900000, 0x00000000c6a00000|  0%| F|  |TAMS 0x00000000c6900000, 0x00000000c6900000| Untracked 
| 106|0x00000000c6a00000, 0x00000000c6a00000, 0x00000000c6b00000|  0%| F|  |TAMS 0x00000000c6a00000, 0x00000000c6a00000| Untracked 
| 107|0x00000000c6b00000, 0x00000000c6b00000, 0x00000000c6c00000|  0%| F|  |TAMS 0x00000000c6b00000, 0x00000000c6b00000| Untracked 
| 108|0x00000000c6c00000, 0x00000000c6c00000, 0x00000000c6d00000|  0%| F|  |TAMS 0x00000000c6c00000, 0x00000000c6c00000| Untracked 
| 109|0x00000000c6d00000, 0x00000000c6d00000, 0x00000000c6e00000|  0%| F|  |TAMS 0x00000000c6d00000, 0x00000000c6d00000| Untracked 
| 110|0x00000000c6e00000, 0x00000000c6e00000, 0x00000000c6f00000|  0%| F|  |TAMS 0x00000000c6e00000, 0x00000000c6e00000| Untracked 
| 111|0x00000000c6f00000, 0x00000000c6f00000, 0x00000000c7000000|  0%| F|  |TAMS 0x00000000c6f00000, 0x00000000c6f00000| Untracked 
| 112|0x00000000c7000000, 0x00000000c7100000, 0x00000000c7100000|100%| O|  |TAMS 0x00000000c7100000, 0x00000000c7000000| Untracked 
| 113|0x00000000c7100000, 0x00000000c7100000, 0x00000000c7200000|  0%| F|  |TAMS 0x00000000c7100000, 0x00000000c7100000| Untracked 
| 114|0x00000000c7200000, 0x00000000c7200000, 0x00000000c7300000|  0%| F|  |TAMS 0x00000000c7200000, 0x00000000c7200000| Untracked 
| 115|0x00000000c7300000, 0x00000000c7400000, 0x00000000c7400000|100%| O|  |TAMS 0x00000000c7400000, 0x00000000c7300000| Untracked 
| 116|0x00000000c7400000, 0x00000000c7400000, 0x00000000c7500000|  0%| F|  |TAMS 0x00000000c7400000, 0x00000000c7400000| Untracked 
| 117|0x00000000c7500000, 0x00000000c7500000, 0x00000000c7600000|  0%| F|  |TAMS 0x00000000c7500000, 0x00000000c7500000| Untracked 
| 118|0x00000000c7600000, 0x00000000c7700000, 0x00000000c7700000|100%| O|  |TAMS 0x00000000c7700000, 0x00000000c7600000| Untracked 
| 119|0x00000000c7700000, 0x00000000c7800000, 0x00000000c7800000|100%| O|  |TAMS 0x00000000c7800000, 0x00000000c7700000| Untracked 
| 120|0x00000000c7800000, 0x00000000c7900000, 0x00000000c7900000|100%| O|  |TAMS 0x00000000c7900000, 0x00000000c7800000| Untracked 
| 121|0x00000000c7900000, 0x00000000c7a00000, 0x00000000c7a00000|100%| O|  |TAMS 0x00000000c7a00000, 0x00000000c7900000| Untracked 
| 122|0x00000000c7a00000, 0x00000000c7b00000, 0x00000000c7b00000|100%| O|  |TAMS 0x00000000c7b00000, 0x00000000c7a00000| Untracked 
| 123|0x00000000c7b00000, 0x00000000c7b00000, 0x00000000c7c00000|  0%| F|  |TAMS 0x00000000c7b00000, 0x00000000c7b00000| Untracked 
| 124|0x00000000c7c00000, 0x00000000c7d00000, 0x00000000c7d00000|100%| O|  |TAMS 0x00000000c7d00000, 0x00000000c7c00000| Untracked 
| 125|0x00000000c7d00000, 0x00000000c7d00000, 0x00000000c7e00000|  0%| F|  |TAMS 0x00000000c7d00000, 0x00000000c7d00000| Untracked 
| 126|0x00000000c7e00000, 0x00000000c7f00000, 0x00000000c7f00000|100%| O|  |TAMS 0x00000000c7f00000, 0x00000000c7e00000| Untracked 
| 127|0x00000000c7f00000, 0x00000000c7f00000, 0x00000000c8000000|  0%| F|  |TAMS 0x00000000c7f00000, 0x00000000c7f00000| Untracked 
| 128|0x00000000c8000000, 0x00000000c8000000, 0x00000000c8100000|  0%| F|  |TAMS 0x00000000c8000000, 0x00000000c8000000| Untracked 
| 129|0x00000000c8100000, 0x00000000c8100000, 0x00000000c8200000|  0%| F|  |TAMS 0x00000000c8100000, 0x00000000c8100000| Untracked 
| 130|0x00000000c8200000, 0x00000000c8200000, 0x00000000c8300000|  0%| F|  |TAMS 0x00000000c8200000, 0x00000000c8200000| Untracked 
| 131|0x00000000c8300000, 0x00000000c8300000, 0x00000000c8400000|  0%| F|  |TAMS 0x00000000c8300000, 0x00000000c8300000| Untracked 
| 132|0x00000000c8400000, 0x00000000c8500000, 0x00000000c8500000|100%| O|  |TAMS 0x00000000c8500000, 0x00000000c8400000| Untracked 
| 133|0x00000000c8500000, 0x00000000c8600000, 0x00000000c8600000|100%| O|  |TAMS 0x00000000c8600000, 0x00000000c8500000| Untracked 
| 134|0x00000000c8600000, 0x00000000c8700000, 0x00000000c8700000|100%|HS|  |TAMS 0x00000000c8700000, 0x00000000c8600000| Complete 
| 135|0x00000000c8700000, 0x00000000c8800000, 0x00000000c8800000|100%|HC|  |TAMS 0x00000000c8800000, 0x00000000c8700000| Complete 
| 136|0x00000000c8800000, 0x00000000c8800000, 0x00000000c8900000|  0%| F|  |TAMS 0x00000000c8800000, 0x00000000c8800000| Untracked 
| 137|0x00000000c8900000, 0x00000000c8a00000, 0x00000000c8a00000|100%| O|  |TAMS 0x00000000c8a00000, 0x00000000c8900000| Untracked 
| 138|0x00000000c8a00000, 0x00000000c8b00000, 0x00000000c8b00000|100%| O|  |TAMS 0x00000000c8b00000, 0x00000000c8a00000| Untracked 
| 139|0x00000000c8b00000, 0x00000000c8c00000, 0x00000000c8c00000|100%| O|  |TAMS 0x00000000c8c00000, 0x00000000c8b00000| Untracked 
| 140|0x00000000c8c00000, 0x00000000c8d00000, 0x00000000c8d00000|100%| O|  |TAMS 0x00000000c8d00000, 0x00000000c8c00000| Untracked 
| 141|0x00000000c8d00000, 0x00000000c8e00000, 0x00000000c8e00000|100%| O|  |TAMS 0x00000000c8e00000, 0x00000000c8d00000| Untracked 
| 142|0x00000000c8e00000, 0x00000000c8f00000, 0x00000000c8f00000|100%| O|  |TAMS 0x00000000c8f00000, 0x00000000c8e00000| Untracked 
| 143|0x00000000c8f00000, 0x00000000c9000000, 0x00000000c9000000|100%| O|  |TAMS 0x00000000c9000000, 0x00000000c8f00000| Untracked 
| 144|0x00000000c9000000, 0x00000000c9100000, 0x00000000c9100000|100%| O|  |TAMS 0x00000000c9100000, 0x00000000c9000000| Untracked 
| 145|0x00000000c9100000, 0x00000000c9200000, 0x00000000c9200000|100%| O|  |TAMS 0x00000000c9200000, 0x00000000c9100000| Untracked 
| 146|0x00000000c9200000, 0x00000000c9300000, 0x00000000c9300000|100%| O|  |TAMS 0x00000000c9300000, 0x00000000c9200000| Untracked 
| 147|0x00000000c9300000, 0x00000000c9400000, 0x00000000c9400000|100%| O|  |TAMS 0x00000000c9400000, 0x00000000c9300000| Untracked 
| 148|0x00000000c9400000, 0x00000000c9500000, 0x00000000c9500000|100%| O|  |TAMS 0x00000000c9500000, 0x00000000c9400000| Untracked 
| 149|0x00000000c9500000, 0x00000000c9600000, 0x00000000c9600000|100%| O|  |TAMS 0x00000000c9560000, 0x00000000c9500000| Untracked 
| 150|0x00000000c9600000, 0x00000000c9600000, 0x00000000c9700000|  0%| F|  |TAMS 0x00000000c9600000, 0x00000000c9600000| Untracked 
| 151|0x00000000c9700000, 0x00000000c9700000, 0x00000000c9800000|  0%| F|  |TAMS 0x00000000c9700000, 0x00000000c9700000| Untracked 
| 152|0x00000000c9800000, 0x00000000c9800000, 0x00000000c9900000|  0%| F|  |TAMS 0x00000000c9800000, 0x00000000c9800000| Untracked 
| 153|0x00000000c9900000, 0x00000000c9900000, 0x00000000c9a00000|  0%| F|  |TAMS 0x00000000c9900000, 0x00000000c9900000| Untracked 
| 154|0x00000000c9a00000, 0x00000000c9a00000, 0x00000000c9b00000|  0%| F|  |TAMS 0x00000000c9a00000, 0x00000000c9a00000| Untracked 
| 155|0x00000000c9b00000, 0x00000000c9b00000, 0x00000000c9c00000|  0%| F|  |TAMS 0x00000000c9b00000, 0x00000000c9b00000| Untracked 
| 156|0x00000000c9c00000, 0x00000000c9c00000, 0x00000000c9d00000|  0%| F|  |TAMS 0x00000000c9c00000, 0x00000000c9c00000| Untracked 
| 157|0x00000000c9d00000, 0x00000000c9d00000, 0x00000000c9e00000|  0%| F|  |TAMS 0x00000000c9d00000, 0x00000000c9d00000| Untracked 
| 158|0x00000000c9e00000, 0x00000000c9e00000, 0x00000000c9f00000|  0%| F|  |TAMS 0x00000000c9e00000, 0x00000000c9e00000| Untracked 
| 159|0x00000000c9f00000, 0x00000000c9f00000, 0x00000000ca000000|  0%| F|  |TAMS 0x00000000c9f00000, 0x00000000c9f00000| Untracked 
| 160|0x00000000ca000000, 0x00000000ca000000, 0x00000000ca100000|  0%| F|  |TAMS 0x00000000ca000000, 0x00000000ca000000| Untracked 
| 161|0x00000000ca100000, 0x00000000ca100000, 0x00000000ca200000|  0%| F|  |TAMS 0x00000000ca100000, 0x00000000ca100000| Untracked 
| 162|0x00000000ca200000, 0x00000000ca200000, 0x00000000ca300000|  0%| F|  |TAMS 0x00000000ca200000, 0x00000000ca200000| Untracked 
| 163|0x00000000ca300000, 0x00000000ca300000, 0x00000000ca400000|  0%| F|  |TAMS 0x00000000ca300000, 0x00000000ca300000| Untracked 
| 164|0x00000000ca400000, 0x00000000ca400000, 0x00000000ca500000|  0%| F|  |TAMS 0x00000000ca400000, 0x00000000ca400000| Untracked 
| 165|0x00000000ca500000, 0x00000000ca500000, 0x00000000ca600000|  0%| F|  |TAMS 0x00000000ca500000, 0x00000000ca500000| Untracked 
| 166|0x00000000ca600000, 0x00000000ca600000, 0x00000000ca700000|  0%| F|  |TAMS 0x00000000ca600000, 0x00000000ca600000| Untracked 
| 167|0x00000000ca700000, 0x00000000ca700000, 0x00000000ca800000|  0%| F|  |TAMS 0x00000000ca700000, 0x00000000ca700000| Untracked 
| 168|0x00000000ca800000, 0x00000000ca800000, 0x00000000ca900000|  0%| F|  |TAMS 0x00000000ca800000, 0x00000000ca800000| Untracked 
| 169|0x00000000ca900000, 0x00000000ca900000, 0x00000000caa00000|  0%| F|  |TAMS 0x00000000ca900000, 0x00000000ca900000| Untracked 
| 170|0x00000000caa00000, 0x00000000caa00000, 0x00000000cab00000|  0%| F|  |TAMS 0x00000000caa00000, 0x00000000caa00000| Untracked 
| 171|0x00000000cab00000, 0x00000000cab00000, 0x00000000cac00000|  0%| F|  |TAMS 0x00000000cab00000, 0x00000000cab00000| Untracked 
| 172|0x00000000cac00000, 0x00000000cac00000, 0x00000000cad00000|  0%| F|  |TAMS 0x00000000cac00000, 0x00000000cac00000| Untracked 
| 173|0x00000000cad00000, 0x00000000cad00000, 0x00000000cae00000|  0%| F|  |TAMS 0x00000000cad00000, 0x00000000cad00000| Untracked 
| 174|0x00000000cae00000, 0x00000000cae00000, 0x00000000caf00000|  0%| F|  |TAMS 0x00000000cae00000, 0x00000000cae00000| Untracked 
| 175|0x00000000caf00000, 0x00000000cb000000, 0x00000000cb000000|100%| S|CS|TAMS 0x00000000caf00000, 0x00000000caf00000| Complete 
| 176|0x00000000cb000000, 0x00000000cb100000, 0x00000000cb100000|100%| S|CS|TAMS 0x00000000cb000000, 0x00000000cb000000| Complete 
| 177|0x00000000cb100000, 0x00000000cb200000, 0x00000000cb200000|100%| S|CS|TAMS 0x00000000cb100000, 0x00000000cb100000| Complete 
| 178|0x00000000cb200000, 0x00000000cb300000, 0x00000000cb300000|100%| S|CS|TAMS 0x00000000cb200000, 0x00000000cb200000| Complete 
| 179|0x00000000cb300000, 0x00000000cb400000, 0x00000000cb400000|100%| S|CS|TAMS 0x00000000cb300000, 0x00000000cb300000| Complete 
| 180|0x00000000cb400000, 0x00000000cb500000, 0x00000000cb500000|100%| S|CS|TAMS 0x00000000cb400000, 0x00000000cb400000| Complete 
| 181|0x00000000cb500000, 0x00000000cb600000, 0x00000000cb600000|100%| S|CS|TAMS 0x00000000cb500000, 0x00000000cb500000| Complete 
| 182|0x00000000cb600000, 0x00000000cb6928c8, 0x00000000cb700000| 57%| E|  |TAMS 0x00000000cb600000, 0x00000000cb600000| Complete 
| 183|0x00000000cb700000, 0x00000000cb800000, 0x00000000cb800000|100%| E|CS|TAMS 0x00000000cb700000, 0x00000000cb700000| Complete 
| 184|0x00000000cb800000, 0x00000000cb900000, 0x00000000cb900000|100%| E|CS|TAMS 0x00000000cb800000, 0x00000000cb800000| Complete 
| 185|0x00000000cb900000, 0x00000000cba00000, 0x00000000cba00000|100%| E|CS|TAMS 0x00000000cb900000, 0x00000000cb900000| Complete 
| 186|0x00000000cba00000, 0x00000000cbb00000, 0x00000000cbb00000|100%| E|  |TAMS 0x00000000cba00000, 0x00000000cba00000| Complete 
| 187|0x00000000cbb00000, 0x00000000cbc00000, 0x00000000cbc00000|100%| E|CS|TAMS 0x00000000cbb00000, 0x00000000cbb00000| Complete 
| 188|0x00000000cbc00000, 0x00000000cbd00000, 0x00000000cbd00000|100%| E|CS|TAMS 0x00000000cbc00000, 0x00000000cbc00000| Complete 
| 189|0x00000000cbd00000, 0x00000000cbe00000, 0x00000000cbe00000|100%| E|CS|TAMS 0x00000000cbd00000, 0x00000000cbd00000| Complete 
| 190|0x00000000cbe00000, 0x00000000cbf00000, 0x00000000cbf00000|100%| E|CS|TAMS 0x00000000cbe00000, 0x00000000cbe00000| Complete 
| 191|0x00000000cbf00000, 0x00000000cc000000, 0x00000000cc000000|100%| E|CS|TAMS 0x00000000cbf00000, 0x00000000cbf00000| Complete 
| 192|0x00000000cc000000, 0x00000000cc100000, 0x00000000cc100000|100%| E|CS|TAMS 0x00000000cc000000, 0x00000000cc000000| Complete 
| 193|0x00000000cc100000, 0x00000000cc200000, 0x00000000cc200000|100%| E|CS|TAMS 0x00000000cc100000, 0x00000000cc100000| Complete 
| 194|0x00000000cc200000, 0x00000000cc300000, 0x00000000cc300000|100%| E|CS|TAMS 0x00000000cc200000, 0x00000000cc200000| Complete 
| 195|0x00000000cc300000, 0x00000000cc400000, 0x00000000cc400000|100%| E|CS|TAMS 0x00000000cc300000, 0x00000000cc300000| Complete 
| 196|0x00000000cc400000, 0x00000000cc500000, 0x00000000cc500000|100%| E|CS|TAMS 0x00000000cc400000, 0x00000000cc400000| Complete 
| 197|0x00000000cc500000, 0x00000000cc600000, 0x00000000cc600000|100%| E|CS|TAMS 0x00000000cc500000, 0x00000000cc500000| Complete 
| 198|0x00000000cc600000, 0x00000000cc700000, 0x00000000cc700000|100%| E|CS|TAMS 0x00000000cc600000, 0x00000000cc600000| Complete 
| 199|0x00000000cc700000, 0x00000000cc800000, 0x00000000cc800000|100%| E|CS|TAMS 0x00000000cc700000, 0x00000000cc700000| Complete 
| 200|0x00000000cc800000, 0x00000000cc900000, 0x00000000cc900000|100%| E|CS|TAMS 0x00000000cc800000, 0x00000000cc800000| Complete 
| 201|0x00000000cc900000, 0x00000000cca00000, 0x00000000cca00000|100%| E|CS|TAMS 0x00000000cc900000, 0x00000000cc900000| Complete 
| 202|0x00000000cca00000, 0x00000000ccb00000, 0x00000000ccb00000|100%| E|CS|TAMS 0x00000000cca00000, 0x00000000cca00000| Complete 
| 203|0x00000000ccb00000, 0x00000000ccc00000, 0x00000000ccc00000|100%| E|CS|TAMS 0x00000000ccb00000, 0x00000000ccb00000| Complete 
| 204|0x00000000ccc00000, 0x00000000ccd00000, 0x00000000ccd00000|100%| E|CS|TAMS 0x00000000ccc00000, 0x00000000ccc00000| Complete 
| 205|0x00000000ccd00000, 0x00000000cce00000, 0x00000000cce00000|100%| E|CS|TAMS 0x00000000ccd00000, 0x00000000ccd00000| Complete 
| 206|0x00000000cce00000, 0x00000000ccf00000, 0x00000000ccf00000|100%| E|CS|TAMS 0x00000000cce00000, 0x00000000cce00000| Complete 
| 207|0x00000000ccf00000, 0x00000000cd000000, 0x00000000cd000000|100%| E|CS|TAMS 0x00000000ccf00000, 0x00000000ccf00000| Complete 
| 208|0x00000000cd000000, 0x00000000cd100000, 0x00000000cd100000|100%| E|CS|TAMS 0x00000000cd000000, 0x00000000cd000000| Complete 
| 209|0x00000000cd100000, 0x00000000cd200000, 0x00000000cd200000|100%| E|CS|TAMS 0x00000000cd100000, 0x00000000cd100000| Complete 
| 210|0x00000000cd200000, 0x00000000cd300000, 0x00000000cd300000|100%| E|CS|TAMS 0x00000000cd200000, 0x00000000cd200000| Complete 
| 211|0x00000000cd300000, 0x00000000cd400000, 0x00000000cd400000|100%| E|CS|TAMS 0x00000000cd300000, 0x00000000cd300000| Complete 
| 212|0x00000000cd400000, 0x00000000cd500000, 0x00000000cd500000|100%| E|CS|TAMS 0x00000000cd400000, 0x00000000cd400000| Complete 
| 213|0x00000000cd500000, 0x00000000cd600000, 0x00000000cd600000|100%| E|CS|TAMS 0x00000000cd500000, 0x00000000cd500000| Complete 
| 214|0x00000000cd600000, 0x00000000cd700000, 0x00000000cd700000|100%| E|CS|TAMS 0x00000000cd600000, 0x00000000cd600000| Complete 
| 215|0x00000000cd700000, 0x00000000cd800000, 0x00000000cd800000|100%| E|CS|TAMS 0x00000000cd700000, 0x00000000cd700000| Complete 
| 216|0x00000000cd800000, 0x00000000cd900000, 0x00000000cd900000|100%| E|CS|TAMS 0x00000000cd800000, 0x00000000cd800000| Complete 
| 217|0x00000000cd900000, 0x00000000cda00000, 0x00000000cda00000|100%| E|CS|TAMS 0x00000000cd900000, 0x00000000cd900000| Complete 
| 218|0x00000000cda00000, 0x00000000cdb00000, 0x00000000cdb00000|100%| E|CS|TAMS 0x00000000cda00000, 0x00000000cda00000| Complete 
| 219|0x00000000cdb00000, 0x00000000cdc00000, 0x00000000cdc00000|100%| E|CS|TAMS 0x00000000cdb00000, 0x00000000cdb00000| Complete 
| 220|0x00000000cdc00000, 0x00000000cdd00000, 0x00000000cdd00000|100%| E|CS|TAMS 0x00000000cdc00000, 0x00000000cdc00000| Complete 
| 221|0x00000000cdd00000, 0x00000000cde00000, 0x00000000cde00000|100%| E|CS|TAMS 0x00000000cdd00000, 0x00000000cdd00000| Complete 
| 222|0x00000000cde00000, 0x00000000cdf00000, 0x00000000cdf00000|100%| E|CS|TAMS 0x00000000cde00000, 0x00000000cde00000| Complete 
| 223|0x00000000cdf00000, 0x00000000ce000000, 0x00000000ce000000|100%| E|CS|TAMS 0x00000000cdf00000, 0x00000000cdf00000| Complete 
| 224|0x00000000ce000000, 0x00000000ce100000, 0x00000000ce100000|100%| E|CS|TAMS 0x00000000ce000000, 0x00000000ce000000| Complete 
| 225|0x00000000ce100000, 0x00000000ce200000, 0x00000000ce200000|100%| E|CS|TAMS 0x00000000ce100000, 0x00000000ce100000| Complete 
| 226|0x00000000ce200000, 0x00000000ce300000, 0x00000000ce300000|100%| E|CS|TAMS 0x00000000ce200000, 0x00000000ce200000| Complete 
| 227|0x00000000ce300000, 0x00000000ce400000, 0x00000000ce400000|100%| E|CS|TAMS 0x00000000ce300000, 0x00000000ce300000| Complete 
| 228|0x00000000ce400000, 0x00000000ce500000, 0x00000000ce500000|100%| E|CS|TAMS 0x00000000ce400000, 0x00000000ce400000| Complete 
| 229|0x00000000ce500000, 0x00000000ce600000, 0x00000000ce600000|100%| E|CS|TAMS 0x00000000ce500000, 0x00000000ce500000| Complete 
| 230|0x00000000ce600000, 0x00000000ce700000, 0x00000000ce700000|100%| E|CS|TAMS 0x00000000ce600000, 0x00000000ce600000| Complete 
| 231|0x00000000ce700000, 0x00000000ce800000, 0x00000000ce800000|100%| E|CS|TAMS 0x00000000ce700000, 0x00000000ce700000| Complete 
| 232|0x00000000ce800000, 0x00000000ce900000, 0x00000000ce900000|100%| E|CS|TAMS 0x00000000ce800000, 0x00000000ce800000| Complete 
| 233|0x00000000ce900000, 0x00000000cea00000, 0x00000000cea00000|100%| E|CS|TAMS 0x00000000ce900000, 0x00000000ce900000| Complete 
| 234|0x00000000cea00000, 0x00000000ceb00000, 0x00000000ceb00000|100%| E|CS|TAMS 0x00000000cea00000, 0x00000000cea00000| Complete 
| 235|0x00000000ceb00000, 0x00000000cec00000, 0x00000000cec00000|100%| E|CS|TAMS 0x00000000ceb00000, 0x00000000ceb00000| Complete 
| 236|0x00000000cec00000, 0x00000000ced00000, 0x00000000ced00000|100%| E|CS|TAMS 0x00000000cec00000, 0x00000000cec00000| Complete 
| 237|0x00000000ced00000, 0x00000000cee00000, 0x00000000cee00000|100%| E|CS|TAMS 0x00000000ced00000, 0x00000000ced00000| Complete 
| 238|0x00000000cee00000, 0x00000000cef00000, 0x00000000cef00000|100%| E|CS|TAMS 0x00000000cee00000, 0x00000000cee00000| Complete 
| 239|0x00000000cef00000, 0x00000000cf000000, 0x00000000cf000000|100%| E|CS|TAMS 0x00000000cef00000, 0x00000000cef00000| Complete 
| 240|0x00000000cf000000, 0x00000000cf100000, 0x00000000cf100000|100%| E|CS|TAMS 0x00000000cf000000, 0x00000000cf000000| Complete 
| 241|0x00000000cf100000, 0x00000000cf200000, 0x00000000cf200000|100%| E|CS|TAMS 0x00000000cf100000, 0x00000000cf100000| Complete 
| 242|0x00000000cf200000, 0x00000000cf300000, 0x00000000cf300000|100%| E|CS|TAMS 0x00000000cf200000, 0x00000000cf200000| Complete 
| 243|0x00000000cf300000, 0x00000000cf400000, 0x00000000cf400000|100%| E|CS|TAMS 0x00000000cf300000, 0x00000000cf300000| Complete 
| 244|0x00000000cf400000, 0x00000000cf500000, 0x00000000cf500000|100%| E|CS|TAMS 0x00000000cf400000, 0x00000000cf400000| Complete 
| 245|0x00000000cf500000, 0x00000000cf600000, 0x00000000cf600000|100%| E|CS|TAMS 0x00000000cf500000, 0x00000000cf500000| Complete 
| 246|0x00000000cf600000, 0x00000000cf700000, 0x00000000cf700000|100%| E|CS|TAMS 0x00000000cf600000, 0x00000000cf600000| Complete 
| 247|0x00000000cf700000, 0x00000000cf800000, 0x00000000cf800000|100%| E|CS|TAMS 0x00000000cf700000, 0x00000000cf700000| Complete 
| 248|0x00000000cf800000, 0x00000000cf900000, 0x00000000cf900000|100%| E|CS|TAMS 0x00000000cf800000, 0x00000000cf800000| Complete 
| 249|0x00000000cf900000, 0x00000000cfa00000, 0x00000000cfa00000|100%| E|CS|TAMS 0x00000000cf900000, 0x00000000cf900000| Complete 
| 250|0x00000000cfa00000, 0x00000000cfb00000, 0x00000000cfb00000|100%| E|CS|TAMS 0x00000000cfa00000, 0x00000000cfa00000| Complete 
| 251|0x00000000cfb00000, 0x00000000cfc00000, 0x00000000cfc00000|100%| E|CS|TAMS 0x00000000cfb00000, 0x00000000cfb00000| Complete 
| 252|0x00000000cfc00000, 0x00000000cfd00000, 0x00000000cfd00000|100%| E|CS|TAMS 0x00000000cfc00000, 0x00000000cfc00000| Complete 
| 253|0x00000000cfd00000, 0x00000000cfe00000, 0x00000000cfe00000|100%| E|CS|TAMS 0x00000000cfd00000, 0x00000000cfd00000| Complete 
| 254|0x00000000cfe00000, 0x00000000cff00000, 0x00000000cff00000|100%| E|CS|TAMS 0x00000000cfe00000, 0x00000000cfe00000| Complete 
| 255|0x00000000cff00000, 0x00000000d0000000, 0x00000000d0000000|100%| E|CS|TAMS 0x00000000cff00000, 0x00000000cff00000| Complete 

Card table byte_map: [0x000001a9299a0000,0x000001a929ba0000] _byte_map_base: 0x000001a9293a0000

Marking Bits (Prev, Next): (CMBitMap*) 0x000001a9166a81e0, (CMBitMap*) 0x000001a9166a81a8
 Prev Bits: [0x000001a92ada0000, 0x000001a92bda0000)
 Next Bits: [0x000001a929da0000, 0x000001a92ada0000)

Polling page: 0x000001a914d50000

Metaspace:

Usage:
  Non-class:     99.84 MB capacity,    97.87 MB ( 98%) used,     1.59 MB (  2%) free+waste,   388.56 KB ( <1%) overhead. 
      Class:     15.07 MB capacity,    13.88 MB ( 92%) used,     1.03 MB (  7%) free+waste,   170.69 KB (  1%) overhead. 
       Both:    114.92 MB capacity,   111.75 MB ( 97%) used,     2.62 MB (  2%) free+waste,   559.25 KB ( <1%) overhead. 

Virtual space:
  Non-class space:      100.00 MB reserved,     100.00 MB (100%) committed 
      Class space:        1.00 GB reserved,      15.20 MB (  1%) committed 
             Both:        1.10 GB reserved,     115.20 MB ( 10%) committed 

Chunk freelists:
   Non-Class:  34.00 KB
       Class:  21.00 KB
        Both:  55.00 KB

MaxMetaspaceSize: 17179869184.00 GB
CompressedClassSpaceSize: 1.00 GB

CodeHeap 'non-profiled nmethods': size=120064Kb used=10917Kb max_used=10917Kb free=109146Kb
 bounds [0x000001a921c30000, 0x000001a9226e0000, 0x000001a929170000]
CodeHeap 'profiled nmethods': size=120000Kb used=47382Kb max_used=47382Kb free=72617Kb
 bounds [0x000001a91a700000, 0x000001a91d560000, 0x000001a921c30000]
CodeHeap 'non-nmethods': size=5696Kb used=2397Kb max_used=2454Kb free=3298Kb
 bounds [0x000001a91a170000, 0x000001a91a3e0000, 0x000001a91a700000]
 total_blobs=20650 nmethods=19598 adapters=961
 compilation: enabled
              stopped_count=0, restarted_count=0
 full_count=0

Compilation events (20 events):
Event: 34.562 Thread 0x000001a92ed32800 20861   !   2       com.android.tools.r8.q.a.a.d.p::close (125 bytes)
Event: 34.562 Thread 0x000001a92ed32800 nmethod 20861 0x000001a91d54c690 code [0x000001a91d54c8e0, 0x000001a91d54d028]
Event: 34.562 Thread 0x000001a92ed32800 20860       2       com.android.tools.r8.q.a.a.d.p::a (16 bytes)
Event: 34.562 Thread 0x000001a92ed32800 nmethod 20860 0x000001a91d54d390 code [0x000001a91d54d540, 0x000001a91d54d688]
Event: 34.562 Thread 0x000001a92ed32800 20863       2       java.util.zip.Adler32::update (51 bytes)
Event: 34.563 Thread 0x000001a92ed32800 nmethod 20863 0x000001a91d54d710 code [0x000001a91d54d900, 0x000001a91d54dba8]
Event: 34.563 Thread 0x000001a92ed32800 20862   !   2       com.android.tools.r8.utils.b0::a (110 bytes)
Event: 34.563 Thread 0x000001a92ed32800 nmethod 20862 0x000001a91d54dd10 code [0x000001a91d54df80, 0x000001a91d54e788]
Event: 34.563 Thread 0x000001a92ed32800 20864       2       com.android.tools.r8.q.a.a.d.p::<init> (28 bytes)
Event: 34.563 Thread 0x000001a92ed32800 nmethod 20864 0x000001a91d54ec90 code [0x000001a91d54ee60, 0x000001a91d54f1d8]
Event: 34.563 Thread 0x000001a92ed32800 20865       2       com.android.tools.r8.DexFilePerClassFileConsumer$DirectoryConsumer::accept (75 bytes)
Event: 34.564 Thread 0x000001a92ed32800 nmethod 20865 0x000001a91d54f310 code [0x000001a91d54f520, 0x000001a91d54f918]
Event: 34.587 Thread 0x000001a92ed32800 20866       3       com.android.tools.r8.dex.r::a (171 bytes)
Event: 34.587 Thread 0x000001a92ed32800 nmethod 20866 0x000001a91d54fb90 code [0x000001a91d54fe40, 0x000001a91d550ce8]
Event: 34.747 Thread 0x000001a92ed32800 20869       2       org.gradle.internal.logging.slf4j.OutputEventListenerBackedLogger::isLevelAtMost (20 bytes)
Event: 34.747 Thread 0x000001a92ed32800 nmethod 20869 0x000001a91d551290 code [0x000001a91d551440, 0x000001a91d5515c8]
Event: 34.748 Thread 0x000001a92ed32800 20870   !   2       org.gradle.internal.resources.AbstractTrackedResourceLock::tryLock (75 bytes)
Event: 34.748 Thread 0x000001a92ed32800 nmethod 20870 0x000001a91d551710 code [0x000001a91d551980, 0x000001a91d5520b8]
Event: 34.751 Thread 0x000001a92ed32800 20871   !   2       java.util.zip.ZipFile$Source::release (50 bytes)
Event: 34.751 Thread 0x000001a92ed32800 nmethod 20871 0x000001a91d552590 code [0x000001a91d552780, 0x000001a91d552c28]

GC Heap History (20 events):
Event: 33.229 GC heap before
{Heap before GC invocations=50 (full 0):
 garbage-first heap   total 194560K, used 156027K [0x00000000c0000000, 0x0000000100000000)
  region size 1024K, 24 young (24576K), 2 survivors (2048K)
 Metaspace       used 112366K, capacity 115526K, committed 116044K, reserved 1150976K
  class space    used 14084K, capacity 15260K, committed 15436K, reserved 1048576K
}
Event: 33.237 GC heap after
{Heap after GC invocations=51 (full 0):
 garbage-first heap   total 194560K, used 134903K [0x00000000c0000000, 0x0000000100000000)
  region size 1024K, 3 young (3072K), 3 survivors (3072K)
 Metaspace       used 112366K, capacity 115526K, committed 116044K, reserved 1150976K
  class space    used 14084K, capacity 15260K, committed 15436K, reserved 1048576K
}
Event: 33.308 GC heap before
{Heap before GC invocations=51 (full 0):
 garbage-first heap   total 194560K, used 141047K [0x00000000c0000000, 0x0000000100000000)
  region size 1024K, 9 young (9216K), 3 survivors (3072K)
 Metaspace       used 112711K, capacity 115891K, committed 116044K, reserved 1150976K
  class space    used 14095K, capacity 15294K, committed 15436K, reserved 1048576K
}
Event: 33.312 GC heap after
{Heap after GC invocations=52 (full 0):
 garbage-first heap   total 194560K, used 116259K [0x00000000c0000000, 0x0000000100000000)
  region size 1024K, 1 young (1024K), 1 survivors (1024K)
 Metaspace       used 112711K, capacity 115891K, committed 116044K, reserved 1150976K
  class space    used 14095K, capacity 15294K, committed 15436K, reserved 1048576K
}
Event: 33.360 GC heap before
{Heap before GC invocations=52 (full 0):
 garbage-first heap   total 194560K, used 124451K [0x00000000c0000000, 0x0000000100000000)
  region size 1024K, 10 young (10240K), 1 survivors (1024K)
 Metaspace       used 112769K, capacity 115918K, committed 116300K, reserved 1150976K
  class space    used 14096K, capacity 15294K, committed 15436K, reserved 1048576K
}
Event: 33.366 GC heap after
{Heap after GC invocations=53 (full 0):
 garbage-first heap   total 194560K, used 104058K [0x00000000c0000000, 0x0000000100000000)
  region size 1024K, 2 young (2048K), 2 survivors (2048K)
 Metaspace       used 112769K, capacity 115918K, committed 116300K, reserved 1150976K
  class space    used 14096K, capacity 15294K, committed 15436K, reserved 1048576K
}
Event: 33.478 GC heap before
{Heap before GC invocations=53 (full 0):
 garbage-first heap   total 194560K, used 140922K [0x00000000c0000000, 0x0000000100000000)
  region size 1024K, 38 young (38912K), 2 survivors (2048K)
 Metaspace       used 112856K, capacity 115991K, committed 116300K, reserved 1150976K
  class space    used 14098K, capacity 15296K, committed 15436K, reserved 1048576K
}
Event: 33.485 GC heap after
{Heap after GC invocations=54 (full 0):
 garbage-first heap   total 194560K, used 108355K [0x00000000c0000000, 0x0000000100000000)
  region size 1024K, 5 young (5120K), 5 survivors (5120K)
 Metaspace       used 112856K, capacity 115991K, committed 116300K, reserved 1150976K
  class space    used 14098K, capacity 15296K, committed 15436K, reserved 1048576K
}
Event: 33.610 GC heap before
{Heap before GC invocations=54 (full 0):
 garbage-first heap   total 194560K, used 145219K [0x00000000c0000000, 0x0000000100000000)
  region size 1024K, 42 young (43008K), 5 survivors (5120K)
 Metaspace       used 113183K, capacity 116346K, committed 116556K, reserved 1150976K
  class space    used 14146K, capacity 15350K, committed 15436K, reserved 1048576K
}
Event: 33.619 GC heap after
{Heap after GC invocations=55 (full 0):
 garbage-first heap   total 229376K, used 111239K [0x00000000c0000000, 0x0000000100000000)
  region size 1024K, 4 young (4096K), 4 survivors (4096K)
 Metaspace       used 113183K, capacity 116346K, committed 116556K, reserved 1150976K
  class space    used 14146K, capacity 15350K, committed 15436K, reserved 1048576K
}
Event: 33.793 GC heap before
{Heap before GC invocations=55 (full 0):
 garbage-first heap   total 229376K, used 160391K [0x00000000c0000000, 0x0000000100000000)
  region size 1024K, 53 young (54272K), 4 survivors (4096K)
 Metaspace       used 113296K, capacity 116488K, committed 116812K, reserved 1150976K
  class space    used 14149K, capacity 15354K, committed 15436K, reserved 1048576K
}
Event: 33.797 GC heap after
{Heap after GC invocations=56 (full 0):
 garbage-first heap   total 229376K, used 111852K [0x00000000c0000000, 0x0000000100000000)
  region size 1024K, 4 young (4096K), 4 survivors (4096K)
 Metaspace       used 113296K, capacity 116488K, committed 116812K, reserved 1150976K
  class space    used 14149K, capacity 15354K, committed 15436K, reserved 1048576K
}
Event: 33.986 GC heap before
{Heap before GC invocations=56 (full 0):
 garbage-first heap   total 229376K, used 166124K [0x00000000c0000000, 0x0000000100000000)
  region size 1024K, 57 young (58368K), 4 survivors (4096K)
 Metaspace       used 113654K, capacity 116820K, committed 117068K, reserved 1150976K
  class space    used 14149K, capacity 15354K, committed 15436K, reserved 1048576K
}
Event: 33.991 GC heap after
{Heap after GC invocations=57 (full 0):
 garbage-first heap   total 229376K, used 113032K [0x00000000c0000000, 0x0000000100000000)
  region size 1024K, 5 young (5120K), 5 survivors (5120K)
 Metaspace       used 113654K, capacity 116820K, committed 117068K, reserved 1150976K
  class space    used 14149K, capacity 15354K, committed 15436K, reserved 1048576K
}
Event: 34.119 GC heap before
{Heap before GC invocations=57 (full 0):
 garbage-first heap   total 229376K, used 170376K [0x00000000c0000000, 0x0000000100000000)
  region size 1024K, 61 young (62464K), 5 survivors (5120K)
 Metaspace       used 113851K, capacity 117031K, committed 117324K, reserved 1150976K
  class space    used 14153K, capacity 15358K, committed 15436K, reserved 1048576K
}
Event: 34.125 GC heap after
{Heap after GC invocations=58 (full 0):
 garbage-first heap   total 229376K, used 114256K [0x00000000c0000000, 0x0000000100000000)
  region size 1024K, 5 young (5120K), 5 survivors (5120K)
 Metaspace       used 113851K, capacity 117031K, committed 117324K, reserved 1150976K
  class space    used 14153K, capacity 15358K, committed 15436K, reserved 1048576K
}
Event: 34.274 GC heap before
{Heap before GC invocations=58 (full 0):
 garbage-first heap   total 229376K, used 175696K [0x00000000c0000000, 0x0000000100000000)
  region size 1024K, 63 young (64512K), 5 survivors (5120K)
 Metaspace       used 114223K, capacity 117448K, committed 117708K, reserved 1150976K
  class space    used 14204K, capacity 15430K, committed 15564K, reserved 1048576K
}
Event: 34.281 GC heap after
{Heap after GC invocations=59 (full 0):
 garbage-first heap   total 262144K, used 116498K [0x00000000c0000000, 0x0000000100000000)
  region size 1024K, 7 young (7168K), 7 survivors (7168K)
 Metaspace       used 114223K, capacity 117448K, committed 117708K, reserved 1150976K
  class space    used 14204K, capacity 15430K, committed 15564K, reserved 1048576K
}
Event: 34.485 GC heap before
{Heap before GC invocations=59 (full 0):
 garbage-first heap   total 262144K, used 191250K [0x00000000c0000000, 0x0000000100000000)
  region size 1024K, 81 young (82944K), 7 survivors (7168K)
 Metaspace       used 114398K, capacity 117608K, committed 117964K, reserved 1150976K
  class space    used 14213K, capacity 15435K, committed 15564K, reserved 1048576K
}
Event: 34.491 GC heap after
{Heap after GC invocations=60 (full 0):
 garbage-first heap   total 262144K, used 118455K [0x00000000c0000000, 0x0000000100000000)
  region size 1024K, 7 young (7168K), 7 survivors (7168K)
 Metaspace       used 114398K, capacity 117608K, committed 117964K, reserved 1150976K
  class space    used 14213K, capacity 15435K, committed 15564K, reserved 1048576K
}

Deoptimization events (20 events):
Event: 34.498 Thread 0x000001a92fd22000 DEOPT PACKING pc=0x000001a91a74d044 sp=0x00000085556fedc0
Event: 34.498 Thread 0x000001a92fd22000 DEOPT UNPACKING pc=0x000001a91a1976ce sp=0x00000085556fe360 mode 0
Event: 34.500 Thread 0x000001a936886000 DEOPT PACKING pc=0x000001a91d51847b sp=0x0000008557bfcf40
Event: 34.500 Thread 0x000001a936886000 DEOPT UNPACKING pc=0x000001a91a1976ce sp=0x0000008557bfc3d8 mode 0
Event: 34.508 Thread 0x000001a92fd22000 DEOPT PACKING pc=0x000001a91a74d044 sp=0x00000085556fedc0
Event: 34.508 Thread 0x000001a92fd22000 DEOPT UNPACKING pc=0x000001a91a1976ce sp=0x00000085556fe360 mode 0
Event: 34.519 Thread 0x000001a936880000 DEOPT PACKING pc=0x000001a91d53ac05 sp=0x0000008556ffd330
Event: 34.519 Thread 0x000001a936880000 DEOPT UNPACKING pc=0x000001a91a1976ce sp=0x0000008556ffc7c8 mode 0
Event: 34.528 Thread 0x000001a936880000 DEOPT PACKING pc=0x000001a91c3c67c8 sp=0x0000008556ffd450
Event: 34.528 Thread 0x000001a936880000 DEOPT UNPACKING pc=0x000001a91a1976ce sp=0x0000008556ffc938 mode 0
Event: 34.539 Thread 0x000001a936880000 DEOPT PACKING pc=0x000001a91c3c9761 sp=0x0000008556ffd490
Event: 34.539 Thread 0x000001a936880000 DEOPT UNPACKING pc=0x000001a91a1976ce sp=0x0000008556ffc980 mode 0
Event: 34.569 Thread 0x000001a936886000 DEOPT PACKING pc=0x000001a91d53ac05 sp=0x0000008557bfcdf0
Event: 34.569 Thread 0x000001a936886000 DEOPT UNPACKING pc=0x000001a91a1976ce sp=0x0000008557bfc288 mode 0
Event: 34.664 Thread 0x000001a936886000 DEOPT PACKING pc=0x000001a91d53ac05 sp=0x0000008557bfcdf0
Event: 34.664 Thread 0x000001a936886000 DEOPT UNPACKING pc=0x000001a91a1976ce sp=0x0000008557bfc288 mode 0
Event: 34.670 Thread 0x000001a936880000 DEOPT PACKING pc=0x000001a91c3c67c8 sp=0x0000008556ffd350
Event: 34.670 Thread 0x000001a936880000 DEOPT UNPACKING pc=0x000001a91a1976ce sp=0x0000008556ffc838 mode 0
Event: 34.710 Thread 0x000001a936880000 DEOPT PACKING pc=0x000001a91c3c9761 sp=0x0000008556ffd340
Event: 34.710 Thread 0x000001a936880000 DEOPT UNPACKING pc=0x000001a91a1976ce sp=0x0000008556ffc830 mode 0

Classes redefined (0 events):
No events

Internal exceptions (20 events):
Event: 34.647 Thread 0x000001a936886000 Exception <a 'sun/nio/fs/WindowsException'{0x00000000cc5f53d8}> (0x00000000cc5f53d8) thrown at [./src/hotspot/share/prims/jni.cpp, line 615]
Event: 34.658 Thread 0x000001a936880000 Exception <a 'sun/nio/fs/WindowsException'{0x00000000cc1d1840}> (0x00000000cc1d1840) thrown at [./src/hotspot/share/prims/jni.cpp, line 615]
Event: 34.659 Thread 0x000001a936886000 Exception <a 'sun/nio/fs/WindowsException'{0x00000000cc5fbaf8}> (0x00000000cc5fbaf8) thrown at [./src/hotspot/share/prims/jni.cpp, line 615]
Event: 34.664 Thread 0x000001a936886000 Exception <a 'sun/nio/fs/WindowsException'{0x00000000cbfc63e0}> (0x00000000cbfc63e0) thrown at [./src/hotspot/share/prims/jni.cpp, line 615]
Event: 34.670 Thread 0x000001a936880000 Exception <a 'sun/nio/fs/WindowsException'{0x00000000cc1db498}> (0x00000000cc1db498) thrown at [./src/hotspot/share/prims/jni.cpp, line 615]
Event: 34.683 Thread 0x000001a936880000 Exception <a 'sun/nio/fs/WindowsException'{0x00000000cc1e54e0}> (0x00000000cc1e54e0) thrown at [./src/hotspot/share/prims/jni.cpp, line 615]
Event: 34.688 Thread 0x000001a936880000 Exception <a 'sun/nio/fs/WindowsException'{0x00000000cc1edd48}> (0x00000000cc1edd48) thrown at [./src/hotspot/share/prims/jni.cpp, line 615]
Event: 34.691 Thread 0x000001a936880000 Exception <a 'sun/nio/fs/WindowsException'{0x00000000cc1f6ca0}> (0x00000000cc1f6ca0) thrown at [./src/hotspot/share/prims/jni.cpp, line 615]
Event: 34.696 Thread 0x000001a936880000 Exception <a 'sun/nio/fs/WindowsException'{0x00000000cc1fefd8}> (0x00000000cc1fefd8) thrown at [./src/hotspot/share/prims/jni.cpp, line 615]
Event: 34.707 Thread 0x000001a936880000 Exception <a 'sun/nio/fs/WindowsException'{0x00000000cbdc61c8}> (0x00000000cbdc61c8) thrown at [./src/hotspot/share/prims/jni.cpp, line 615]
Event: 34.710 Thread 0x000001a936880000 Exception <a 'sun/nio/fs/WindowsException'{0x00000000cbdcecb0}> (0x00000000cbdcecb0) thrown at [./src/hotspot/share/prims/jni.cpp, line 615]
Event: 34.713 Thread 0x000001a936880000 Exception <a 'sun/nio/fs/WindowsException'{0x00000000cbdd5b98}> (0x00000000cbdd5b98) thrown at [./src/hotspot/share/prims/jni.cpp, line 615]
Event: 34.718 Thread 0x000001a936880000 Exception <a 'sun/nio/fs/WindowsException'{0x00000000cbde21b0}> (0x00000000cbde21b0) thrown at [./src/hotspot/share/prims/jni.cpp, line 615]
Event: 34.720 Thread 0x000001a936880000 Exception <a 'sun/nio/fs/WindowsException'{0x00000000cbdeaa68}> (0x00000000cbdeaa68) thrown at [./src/hotspot/share/prims/jni.cpp, line 615]
Event: 34.721 Thread 0x000001a936880000 Exception <a 'sun/nio/fs/WindowsException'{0x00000000cbdf31e0}> (0x00000000cbdf31e0) thrown at [./src/hotspot/share/prims/jni.cpp, line 615]
Event: 34.724 Thread 0x000001a936880000 Exception <a 'sun/nio/fs/WindowsException'{0x00000000cbdfa5f8}> (0x00000000cbdfa5f8) thrown at [./src/hotspot/share/prims/jni.cpp, line 615]
Event: 34.726 Thread 0x000001a936880000 Exception <a 'sun/nio/fs/WindowsException'{0x00000000cbbc4810}> (0x00000000cbbc4810) thrown at [./src/hotspot/share/prims/jni.cpp, line 615]
Event: 34.728 Thread 0x000001a936880000 Exception <a 'sun/nio/fs/WindowsException'{0x00000000cbbcd410}> (0x00000000cbbcd410) thrown at [./src/hotspot/share/prims/jni.cpp, line 615]
Event: 34.730 Thread 0x000001a936880000 Exception <a 'sun/nio/fs/WindowsException'{0x00000000cbbd4c78}> (0x00000000cbbd4c78) thrown at [./src/hotspot/share/prims/jni.cpp, line 615]
Event: 34.738 Thread 0x000001a936880000 Exception <a 'sun/nio/fs/WindowsException'{0x00000000cbbdd9e8}> (0x00000000cbbdd9e8) thrown at [./src/hotspot/share/prims/jni.cpp, line 615]

Events (20 events):
Event: 34.347 loading class com/android/tools/r8/ir/conversion/N done
Event: 34.347 loading class com/android/tools/r8/ir/conversion/N
Event: 34.347 loading class com/android/tools/r8/ir/conversion/N done
Event: 34.347 loading class com/android/tools/r8/s/c/G
Event: 34.347 loading class com/android/tools/r8/s/c/G done
Event: 34.348 loading class com/android/tools/r8/ir/conversion/N
Event: 34.348 loading class com/android/tools/r8/ir/conversion/N done
Event: 34.348 loading class com/android/tools/r8/s/c/G
Event: 34.348 loading class com/android/tools/r8/s/c/G done
Event: 34.348 loading class com/android/tools/r8/ir/conversion/N
Event: 34.348 loading class com/android/tools/r8/ir/conversion/N done
Event: 34.348 loading class com/android/tools/r8/s/c/G
Event: 34.348 loading class com/android/tools/r8/s/c/G done
Event: 34.357 Executing VM operation: BulkRevokeBias
Event: 34.358 Executing VM operation: BulkRevokeBias done
Event: 34.485 Executing VM operation: G1CollectForAllocation
Event: 34.491 Executing VM operation: G1CollectForAllocation done
Event: 34.494 Loaded shared library C:\Program Files\Android\Android Studio\jre\bin\nio.dll
Event: 34.747 Executing VM operation: RevokeBias
Event: 34.748 Executing VM operation: RevokeBias done


Dynamic libraries:
0x00007ff6612a0000 - 0x00007ff6612aa000 	C:\Program Files\Android\Android Studio\jre\bin\java.exe
0x00007ffb07e30000 - 0x00007ffb08025000 	C:\WINDOWS\SYSTEM32\ntdll.dll
0x00007ffb069a0000 - 0x00007ffb06a5e000 	C:\WINDOWS\System32\KERNEL32.DLL
0x00007ffb05ba0000 - 0x00007ffb05e68000 	C:\WINDOWS\System32\KERNELBASE.dll
0x00007ffb05740000 - 0x00007ffb05840000 	C:\WINDOWS\System32\ucrtbase.dll
0x00007ffaf91e0000 - 0x00007ffaf91f7000 	C:\Program Files\Android\Android Studio\jre\bin\VCRUNTIME140.dll
0x00007ffae33a0000 - 0x00007ffae33b9000 	C:\Program Files\Android\Android Studio\jre\bin\jli.dll
0x00007ffb07820000 - 0x00007ffb079c1000 	C:\WINDOWS\System32\USER32.dll
0x00007ffb058a0000 - 0x00007ffb058c2000 	C:\WINDOWS\System32\win32u.dll
0x00007ffaee990000 - 0x00007ffaeec2a000 	C:\WINDOWS\WinSxS\amd64_microsoft.windows.common-controls_6595b64144ccf1df_6.0.19041.1110_none_60b5254171f9507e\COMCTL32.dll
0x00007ffb07dc0000 - 0x00007ffb07deb000 	C:\WINDOWS\System32\GDI32.dll
0x00007ffb059b0000 - 0x00007ffb05abd000 	C:\WINDOWS\System32\gdi32full.dll
0x00007ffb06750000 - 0x00007ffb067ee000 	C:\WINDOWS\System32\msvcrt.dll
0x00007ffb05540000 - 0x00007ffb055dd000 	C:\WINDOWS\System32\msvcp_win.dll
0x00007ffb07cc0000 - 0x00007ffb07cf0000 	C:\WINDOWS\System32\IMM32.DLL
0x00007ffaef8b0000 - 0x00007ffaef94d000 	C:\Program Files\Android\Android Studio\jre\bin\msvcp140.dll
0x00007ffac2140000 - 0x00007ffac2c0f000 	C:\Program Files\Android\Android Studio\jre\bin\server\jvm.dll
0x00007ffb06a60000 - 0x00007ffb06b0e000 	C:\WINDOWS\System32\ADVAPI32.dll
0x00007ffb06c60000 - 0x00007ffb06cfc000 	C:\WINDOWS\System32\sechost.dll
0x00007ffb07ab0000 - 0x00007ffb07bd5000 	C:\WINDOWS\System32\RPCRT4.dll
0x00007ffb06b10000 - 0x00007ffb06b18000 	C:\WINDOWS\System32\PSAPI.DLL
0x00007ffaf0810000 - 0x00007ffaf0837000 	C:\WINDOWS\SYSTEM32\WINMM.dll
0x00007ffaff8e0000 - 0x00007ffaff8ea000 	C:\WINDOWS\SYSTEM32\VERSION.dll
0x00007ffaf9650000 - 0x00007ffaf9659000 	C:\WINDOWS\SYSTEM32\WSOCK32.dll
0x00007ffb079d0000 - 0x00007ffb07a3b000 	C:\WINDOWS\System32\WS2_32.dll
0x00007ffb03450000 - 0x00007ffb03462000 	C:\WINDOWS\SYSTEM32\kernel.appcore.dll
0x00007ffaf91c0000 - 0x00007ffaf91d1000 	C:\Program Files\Android\Android Studio\jre\bin\verify.dll
0x00007ffaee530000 - 0x00007ffaee714000 	C:\WINDOWS\SYSTEM32\DBGHELP.DLL
0x00007ffaee270000 - 0x00007ffaee29c000 	C:\WINDOWS\SYSTEM32\dbgcore.DLL
0x00007ffb05ac0000 - 0x00007ffb05b42000 	C:\WINDOWS\System32\bcryptPrimitives.dll
0x00007ffaf4940000 - 0x00007ffaf4969000 	C:\Program Files\Android\Android Studio\jre\bin\java.dll
0x00007ffaf91b0000 - 0x00007ffaf91bb000 	C:\Program Files\Android\Android Studio\jre\bin\jimage.dll
0x00007ffaf3c10000 - 0x00007ffaf3c28000 	C:\Program Files\Android\Android Studio\jre\bin\zip.dll
0x00007ffb05fa0000 - 0x00007ffb066e4000 	C:\WINDOWS\System32\SHELL32.dll
0x00007ffb03650000 - 0x00007ffb03de5000 	C:\WINDOWS\SYSTEM32\windows.storage.dll
0x00007ffb07350000 - 0x00007ffb076a5000 	C:\WINDOWS\System32\combase.dll
0x00007ffb04ec0000 - 0x00007ffb04eee000 	C:\WINDOWS\SYSTEM32\Wldp.dll
0x00007ffb072a0000 - 0x00007ffb0734d000 	C:\WINDOWS\System32\SHCORE.dll
0x00007ffb07c60000 - 0x00007ffb07cb5000 	C:\WINDOWS\System32\shlwapi.dll
0x00007ffb05480000 - 0x00007ffb0549f000 	C:\WINDOWS\SYSTEM32\profapi.dll
0x00007ffaf3bf0000 - 0x00007ffaf3c0a000 	C:\Program Files\Android\Android Studio\jre\bin\net.dll
0x00007ffaff7d0000 - 0x00007ffaff8dc000 	C:\WINDOWS\SYSTEM32\WINHTTP.dll
0x00007ffb04c20000 - 0x00007ffb04c8a000 	C:\WINDOWS\system32\mswsock.dll
0x00007ffaf3bd0000 - 0x00007ffaf3be4000 	C:\Program Files\Android\Android Studio\jre\bin\nio.dll
0x00007ffaf9430000 - 0x00007ffaf9457000 	C:\Users\DELL\.gradle\native\8bec1ad78214c89d9ad589b4d07fe93259594b29d510b10fafb7a158f7737e5d\windows-amd64\native-platform.dll
0x00007ffae0230000 - 0x00007ffae036d000 	C:\Users\DELL\.gradle\native\53dbd7edfb1c66fb8903c78663c9afc45aea4f116125fa6feffd364cf09443e8\windows-amd64\native-platform-file-events.dll
0x00007ffaf9130000 - 0x00007ffaf913a000 	C:\Program Files\Android\Android Studio\jre\bin\management.dll
0x00007ffaf88d0000 - 0x00007ffaf88dc000 	C:\Program Files\Android\Android Studio\jre\bin\management_ext.dll
0x00007ffb04e10000 - 0x00007ffb04e28000 	C:\WINDOWS\SYSTEM32\CRYPTSP.dll
0x00007ffb045a0000 - 0x00007ffb045d4000 	C:\WINDOWS\system32\rsaenh.dll
0x00007ffb05980000 - 0x00007ffb059a7000 	C:\WINDOWS\System32\bcrypt.dll
0x00007ffb05440000 - 0x00007ffb0546e000 	C:\WINDOWS\SYSTEM32\USERENV.dll
0x00007ffb04e30000 - 0x00007ffb04e3c000 	C:\WINDOWS\SYSTEM32\CRYPTBASE.dll
0x00007ffb04910000 - 0x00007ffb0494b000 	C:\WINDOWS\SYSTEM32\IPHLPAPI.DLL
0x00007ffb06b20000 - 0x00007ffb06b28000 	C:\WINDOWS\System32\NSI.dll
0x00007ffaff060000 - 0x00007ffaff077000 	C:\WINDOWS\SYSTEM32\dhcpcsvc6.DLL
0x00007ffaff040000 - 0x00007ffaff05d000 	C:\WINDOWS\SYSTEM32\dhcpcsvc.DLL
0x00007ffb04950000 - 0x00007ffb04a1b000 	C:\WINDOWS\SYSTEM32\DNSAPI.dll
0x00007ffaef4b0000 - 0x00007ffaef654000 	C:\Program Files\Android\Android Studio\jre\bin\awt.dll
0x00007ffb06b90000 - 0x00007ffb06c5d000 	C:\WINDOWS\System32\OLEAUT32.dll
0x00007ffb03270000 - 0x00007ffb0329f000 	C:\WINDOWS\SYSTEM32\dwmapi.dll
0x00007ffb02dd0000 - 0x00007ffb02e60000 	C:\WINDOWS\SYSTEM32\apphelp.dll
0x00007ffb02f70000 - 0x00007ffb0300e000 	C:\WINDOWS\system32\uxtheme.dll

dbghelp: loaded successfully - version: 4.0.5 - missing functions: none
symbol engine: initialized successfully - sym options: 0x614 - pdb path: .;C:\Program Files\Android\Android Studio\jre\bin;C:\WINDOWS\SYSTEM32;C:\WINDOWS\WinSxS\amd64_microsoft.windows.common-controls_6595b64144ccf1df_6.0.19041.1110_none_60b5254171f9507e;C:\Program Files\Android\Android Studio\jre\bin\server;C:\Users\DELL\.gradle\native\8bec1ad78214c89d9ad589b4d07fe93259594b29d510b10fafb7a158f7737e5d\windows-amd64;C:\Users\DELL\.gradle\native\53dbd7edfb1c66fb8903c78663c9afc45aea4f116125fa6feffd364cf09443e8\windows-amd64

VM Arguments:
jvm_args: --add-opens=java.base/java.util=ALL-UNNAMED --add-opens=java.base/java.lang=ALL-UNNAMED --add-opens=java.base/java.lang.invoke=ALL-UNNAMED --add-opens=java.base/java.util=ALL-UNNAMED --add-opens=java.prefs/java.util.prefs=ALL-UNNAMED --add-opens=java.prefs/java.util.prefs=ALL-UNNAMED --add-opens=java.base/java.nio.charset=ALL-UNNAMED --add-opens=java.base/java.net=ALL-UNNAMED --add-opens=java.base/java.util.concurrent.atomic=ALL-UNNAMED -Xmx1024m -Dfile.encoding=windows-1252 -Duser.country=GB -Duser.language=en -Duser.variant 
java_command: org.gradle.launcher.daemon.bootstrap.GradleDaemon 7.0.2
java_class_path (initial): C:\Users\DELL\.gradle\wrapper\dists\gradle-7.0.2-bin\857tjihv64xamwrf0h14cai3r\gradle-7.0.2\lib\gradle-launcher-7.0.2.jar
Launcher Type: SUN_STANDARD

[Global flags]
     intx CICompilerCount                          = 3                                         {product} {ergonomic}
     uint ConcGCThreads                            = 1                                         {product} {ergonomic}
     uint G1ConcRefinementThreads                  = 4                                         {product} {ergonomic}
   size_t G1HeapRegionSize                         = 1048576                                   {product} {ergonomic}
    uintx GCDrainStackTargetSize                   = 64                                        {product} {ergonomic}
   size_t InitialHeapSize                          = 199229440                                 {product} {ergonomic}
   size_t MarkStackSize                            = 4194304                                   {product} {ergonomic}
   size_t MaxHeapSize                              = 1073741824                                {product} {command line}
   size_t MaxNewSize                               = 643825664                                 {product} {ergonomic}
   size_t MinHeapDeltaBytes                        = 1048576                                   {product} {ergonomic}
    uintx NonNMethodCodeHeapSize                   = 5830732                                {pd product} {ergonomic}
    uintx NonProfiledCodeHeapSize                  = 122913754                              {pd product} {ergonomic}
    uintx ProfiledCodeHeapSize                     = 122913754                              {pd product} {ergonomic}
    uintx ReservedCodeCacheSize                    = 251658240                              {pd product} {ergonomic}
     bool SegmentedCodeCache                       = true                                      {product} {ergonomic}
     bool UseCompressedClassPointers               = true                                 {lp64_product} {ergonomic}
     bool UseCompressedOops                        = true                                 {lp64_product} {ergonomic}
     bool UseG1GC                                  = true                                      {product} {ergonomic}
     bool UseLargePagesIndividualAllocation        = false                                  {pd product} {ergonomic}

Logging:
Log output configuration:
 #0: stdout all=warning uptime,level,tags
 #1: stderr all=off uptime,level,tags

Environment Variables:
PATH=C:\WINDOWS\system32;C:\WINDOWS;C:\WINDOWS\System32\Wbem;C:\WINDOWS\System32\WindowsPowerShell\v1.0\;C:\WINDOWS\System32\OpenSSH\;C:\Program Files\Git\cmd;C:\Users\DELL\AppData\Local\Microsoft\WindowsApps;
USERNAME=DELL
OS=Windows_NT
PROCESSOR_IDENTIFIER=Intel64 Family 6 Model 158 Stepping 11, GenuineIntel



---------------  S Y S T E M  ---------------

OS: Windows 10 , 64 bit Build 19041 (10.0.19041.1466)
OS uptime: 6 days 21:35 hours

CPU:total 4 (initial active 4) (4 cores per cpu, 1 threads per core) family 6 model 158 stepping 11 microcode 0xea, cmov, cx8, fxsr, mmx, sse, sse2, sse3, ssse3, sse4.1, sse4.2, popcnt, avx, avx2, aes, clmul, erms, 3dnowpref, lzcnt, tsc, tscinvbit, bmi1, bmi2, adx, fma

Memory: 4k page, system-wide physical 12124M (314M free)
TotalPageFile size 40664M (AvailPageFile size 5M)
current process WorkingSet (physical memory assigned to process): 582M, peak: 583M
current process commit charge ("private bytes"): 605M, peak: 607M

vm_info: OpenJDK 64-Bit Server VM (11.0.10+0-b96-7249189) for windows-amd64 JRE (11.0.10+0-b96-7249189), built on Mar 31 2021 21:44:00 by "builder" with MS VC++ 14.0 (VS2015)

END.
